[0.017s] Invoking command in '/home/artimonke/DynamixelSDK/build/dynamixel_sdk_custom_interfaces': CMAKE_PREFIX_PATH=/opt/ros/humble /usr/bin/cmake /home/artimonke/DynamixelSDK/dynamixel_sdk_custom_interfaces -DCMAKE_INSTALL_PREFIX=/home/artimonke/DynamixelSDK/install/dynamixel_sdk_custom_interfaces
[0.022s] -- Found ament_cmake: 1.3.5 (/opt/ros/humble/share/ament_cmake/cmake)
[0.119s] -- Found builtin_interfaces: 1.2.1 (/opt/ros/humble/share/builtin_interfaces/cmake)
[0.136s] -- Found rosidl_generator_c: 3.1.5 (/opt/ros/humble/share/rosidl_generator_c/cmake)
[0.138s] -- Found rosidl_adapter: 3.1.5 (/opt/ros/humble/share/rosidl_adapter/cmake)
[0.143s] -- Found rosidl_generator_cpp: 3.1.5 (/opt/ros/humble/share/rosidl_generator_cpp/cmake)
[0.153s] -- Using all available rosidl_typesupport_c: rosidl_typesupport_fastrtps_c;rosidl_typesupport_introspection_c
[0.166s] -- Using all available rosidl_typesupport_cpp: rosidl_typesupport_fastrtps_cpp;rosidl_typesupport_introspection_cpp
[0.178s] -- Found rosidl_default_generators: 1.2.0 (/opt/ros/humble/share/rosidl_default_generators/cmake)
[0.361s] -- Found ament_cmake_ros: 0.10.0 (/opt/ros/humble/share/ament_cmake_ros/cmake)
[0.488s] -- Using all available rosidl_typesupport_c: rosidl_typesupport_fastrtps_c;rosidl_typesupport_introspection_c
[0.533s] -- Using all available rosidl_typesupport_cpp: rosidl_typesupport_fastrtps_cpp;rosidl_typesupport_introspection_cpp
[0.551s] -- Found PythonInterp: /usr/bin/python3 (found suitable version "3.10.12", minimum required is "3.6") 
[0.552s] -- Found python_cmake_module: 0.10.0 (/opt/ros/humble/share/python_cmake_module/cmake)
[0.575s] -- Found PythonLibs: /usr/lib/x86_64-linux-gnu/libpython3.10.so (found suitable version "3.10.12", minimum required is "3.5") 
[0.575s] -- Using PYTHON_EXECUTABLE: /usr/bin/python3
[0.576s] -- Using PYTHON_INCLUDE_DIRS: /usr/include/python3.10
[0.576s] -- Using PYTHON_LIBRARIES: /usr/lib/x86_64-linux-gnu/libpython3.10.so
[0.592s] -- Found PythonExtra: .so  
[0.624s] -- Configuring done
[0.655s] -- Generating done
[0.657s] -- Build files have been written to: /home/artimonke/DynamixelSDK/build/dynamixel_sdk_custom_interfaces
[0.662s] Invoked command in '/home/artimonke/DynamixelSDK/build/dynamixel_sdk_custom_interfaces' returned '0': CMAKE_PREFIX_PATH=/opt/ros/humble /usr/bin/cmake /home/artimonke/DynamixelSDK/dynamixel_sdk_custom_interfaces -DCMAKE_INSTALL_PREFIX=/home/artimonke/DynamixelSDK/install/dynamixel_sdk_custom_interfaces
[0.663s] Invoking command in '/home/artimonke/DynamixelSDK/build/dynamixel_sdk_custom_interfaces': CMAKE_PREFIX_PATH=/opt/ros/humble /usr/bin/cmake --build /home/artimonke/DynamixelSDK/build/dynamixel_sdk_custom_interfaces -- -j8 -l8
[0.677s] [  1%] [34m[1mGenerating C code for ROS interfaces[0m
[0.681s] [  2%] [34m[1mGenerating C++ code for ROS interfaces[0m
[0.683s] [  2%] Built target ament_cmake_python_copy_dynamixel_sdk_custom_interfaces
[0.846s] running egg_info
[0.847s] creating dynamixel_sdk_custom_interfaces.egg-info
[0.861s] writing dynamixel_sdk_custom_interfaces.egg-info/PKG-INFO
[0.861s] writing dependency_links to dynamixel_sdk_custom_interfaces.egg-info/dependency_links.txt
[0.862s] writing top-level names to dynamixel_sdk_custom_interfaces.egg-info/top_level.txt
[0.862s] writing manifest file 'dynamixel_sdk_custom_interfaces.egg-info/SOURCES.txt'
[0.907s] reading manifest file 'dynamixel_sdk_custom_interfaces.egg-info/SOURCES.txt'
[0.908s] writing manifest file 'dynamixel_sdk_custom_interfaces.egg-info/SOURCES.txt'
[0.927s] [  2%] Built target ament_cmake_python_build_dynamixel_sdk_custom_interfaces_egg
[1.160s] [  2%] Built target dynamixel_sdk_custom_interfaces__cpp
[1.164s] [  7%] [34m[1mGenerating C++ type support for eProsima Fast-RTPS[0m
[1.164s] [  7%] [34m[1mGenerating C++ introspection for ROS interfaces[0m
[1.164s] [  7%] [34m[1mGenerating C++ type support dispatch for ROS interfaces[0m
[1.206s] [ 11%] [32mBuilding C object CMakeFiles/dynamixel_sdk_custom_interfaces__rosidl_generator_c.dir/rosidl_generator_c/dynamixel_sdk_custom_interfaces/msg/detail/sync_set_position__functions.c.o[0m
[1.207s] [ 12%] [32mBuilding C object CMakeFiles/dynamixel_sdk_custom_interfaces__rosidl_generator_c.dir/rosidl_generator_c/dynamixel_sdk_custom_interfaces/srv/detail/get_position__functions.c.o[0m
[1.207s] [ 14%] [32mBuilding C object CMakeFiles/dynamixel_sdk_custom_interfaces__rosidl_generator_c.dir/rosidl_generator_c/dynamixel_sdk_custom_interfaces/srv/detail/bulk_get_item__functions.c.o[0m
[1.207s] [ 11%] [32mBuilding C object CMakeFiles/dynamixel_sdk_custom_interfaces__rosidl_generator_c.dir/rosidl_generator_c/dynamixel_sdk_custom_interfaces/msg/detail/set_position__functions.c.o[0m
[1.207s] [ 14%] [32mBuilding C object CMakeFiles/dynamixel_sdk_custom_interfaces__rosidl_generator_c.dir/rosidl_generator_c/dynamixel_sdk_custom_interfaces/msg/detail/bulk_set_item__functions.c.o[0m
[1.260s] [ 15%] [32mBuilding C object CMakeFiles/dynamixel_sdk_custom_interfaces__rosidl_generator_c.dir/rosidl_generator_c/dynamixel_sdk_custom_interfaces/srv/detail/sync_get_position__functions.c.o[0m
[1.317s] [ 16%] [32m[1mLinking C shared library libdynamixel_sdk_custom_interfaces__rosidl_generator_c.so[0m
[1.338s] [ 16%] Built target dynamixel_sdk_custom_interfaces__rosidl_generator_c
[1.342s] [ 21%] [34m[1mGenerating C type support for eProsima Fast-RTPS[0m
[1.342s] [ 21%] [34m[1mGenerating C introspection for ROS interfaces[0m
[1.343s] [ 21%] [34m[1mGenerating C type support dispatch for ROS interfaces[0m
[1.512s] [ 25%] [32mBuilding CXX object CMakeFiles/dynamixel_sdk_custom_interfaces__rosidl_typesupport_cpp.dir/rosidl_typesupport_cpp/dynamixel_sdk_custom_interfaces/msg/set_position__type_support.cpp.o[0m
[1.512s] [ 25%] [32mBuilding CXX object CMakeFiles/dynamixel_sdk_custom_interfaces__rosidl_typesupport_cpp.dir/rosidl_typesupport_cpp/dynamixel_sdk_custom_interfaces/msg/sync_set_position__type_support.cpp.o[0m
[1.514s] [ 25%] [32mBuilding CXX object CMakeFiles/dynamixel_sdk_custom_interfaces__rosidl_typesupport_cpp.dir/rosidl_typesupport_cpp/dynamixel_sdk_custom_interfaces/msg/bulk_set_item__type_support.cpp.o[0m
[1.772s] [ 26%] [32mBuilding CXX object CMakeFiles/dynamixel_sdk_custom_interfaces__rosidl_typesupport_fastrtps_cpp.dir/rosidl_typesupport_fastrtps_cpp/dynamixel_sdk_custom_interfaces/msg/detail/dds_fastrtps/set_position__type_support.cpp.o[0m
[1.832s] [ 28%] [32mBuilding CXX object CMakeFiles/dynamixel_sdk_custom_interfaces__rosidl_typesupport_introspection_cpp.dir/rosidl_typesupport_introspection_cpp/dynamixel_sdk_custom_interfaces/msg/detail/set_position__type_support.cpp.o[0m
[1.860s] [ 29%] [32mBuilding CXX object CMakeFiles/dynamixel_sdk_custom_interfaces__rosidl_typesupport_introspection_cpp.dir/rosidl_typesupport_introspection_cpp/dynamixel_sdk_custom_interfaces/msg/detail/bulk_set_item__type_support.cpp.o[0m
[1.863s] [ 30%] [32mBuilding CXX object CMakeFiles/dynamixel_sdk_custom_interfaces__rosidl_typesupport_cpp.dir/rosidl_typesupport_cpp/dynamixel_sdk_custom_interfaces/srv/get_position__type_support.cpp.o[0m
[1.904s] [ 32%] [32mBuilding CXX object CMakeFiles/dynamixel_sdk_custom_interfaces__rosidl_typesupport_cpp.dir/rosidl_typesupport_cpp/dynamixel_sdk_custom_interfaces/srv/bulk_get_item__type_support.cpp.o[0m
[1.916s] [ 33%] [32mBuilding CXX object CMakeFiles/dynamixel_sdk_custom_interfaces__rosidl_typesupport_c.dir/rosidl_typesupport_c/dynamixel_sdk_custom_interfaces/msg/set_position__type_support.cpp.o[0m
[1.944s] [ 35%] [32mBuilding CXX object CMakeFiles/dynamixel_sdk_custom_interfaces__rosidl_typesupport_c.dir/rosidl_typesupport_c/dynamixel_sdk_custom_interfaces/msg/bulk_set_item__type_support.cpp.o[0m
[1.972s] [ 36%] [32mBuilding CXX object CMakeFiles/dynamixel_sdk_custom_interfaces__rosidl_typesupport_c.dir/rosidl_typesupport_c/dynamixel_sdk_custom_interfaces/msg/sync_set_position__type_support.cpp.o[0m
[2.001s] [ 38%] [32mBuilding CXX object CMakeFiles/dynamixel_sdk_custom_interfaces__rosidl_typesupport_c.dir/rosidl_typesupport_c/dynamixel_sdk_custom_interfaces/srv/get_position__type_support.cpp.o[0m
[2.033s] [ 39%] [32mBuilding CXX object CMakeFiles/dynamixel_sdk_custom_interfaces__rosidl_typesupport_c.dir/rosidl_typesupport_c/dynamixel_sdk_custom_interfaces/srv/bulk_get_item__type_support.cpp.o[0m
[2.066s] [ 40%] [32mBuilding CXX object CMakeFiles/dynamixel_sdk_custom_interfaces__rosidl_typesupport_c.dir/rosidl_typesupport_c/dynamixel_sdk_custom_interfaces/srv/sync_get_position__type_support.cpp.o[0m
[2.096s] [ 42%] [32m[1mLinking CXX shared library libdynamixel_sdk_custom_interfaces__rosidl_typesupport_c.so[0m
[2.102s] [ 43%] [32mBuilding C object CMakeFiles/dynamixel_sdk_custom_interfaces__rosidl_typesupport_introspection_c.dir/rosidl_typesupport_introspection_c/dynamixel_sdk_custom_interfaces/msg/detail/set_position__type_support.c.o[0m
[2.136s] [ 45%] [32mBuilding C object CMakeFiles/dynamixel_sdk_custom_interfaces__rosidl_typesupport_introspection_c.dir/rosidl_typesupport_introspection_c/dynamixel_sdk_custom_interfaces/msg/detail/bulk_set_item__type_support.c.o[0m
[2.140s] [ 45%] Built target dynamixel_sdk_custom_interfaces__rosidl_typesupport_c
[2.141s] [ 46%] [32mBuilding CXX object CMakeFiles/dynamixel_sdk_custom_interfaces__rosidl_typesupport_fastrtps_c.dir/rosidl_typesupport_fastrtps_c/dynamixel_sdk_custom_interfaces/msg/detail/set_position__type_support_c.cpp.o[0m
[2.146s] [ 47%] [32mBuilding C object CMakeFiles/dynamixel_sdk_custom_interfaces__rosidl_typesupport_introspection_c.dir/rosidl_typesupport_introspection_c/dynamixel_sdk_custom_interfaces/msg/detail/sync_set_position__type_support.c.o[0m
[2.170s] [ 49%] [32mBuilding CXX object CMakeFiles/dynamixel_sdk_custom_interfaces__rosidl_typesupport_introspection_cpp.dir/rosidl_typesupport_introspection_cpp/dynamixel_sdk_custom_interfaces/msg/detail/sync_set_position__type_support.cpp.o[0m
[2.178s] [ 50%] [32mBuilding C object CMakeFiles/dynamixel_sdk_custom_interfaces__rosidl_typesupport_introspection_c.dir/rosidl_typesupport_introspection_c/dynamixel_sdk_custom_interfaces/srv/detail/get_position__type_support.c.o[0m
[2.213s] [ 52%] [32mBuilding C object CMakeFiles/dynamixel_sdk_custom_interfaces__rosidl_typesupport_introspection_c.dir/rosidl_typesupport_introspection_c/dynamixel_sdk_custom_interfaces/srv/detail/bulk_get_item__type_support.c.o[0m
[2.224s] [ 53%] [32mBuilding C object CMakeFiles/dynamixel_sdk_custom_interfaces__rosidl_typesupport_introspection_c.dir/rosidl_typesupport_introspection_c/dynamixel_sdk_custom_interfaces/srv/detail/sync_get_position__type_support.c.o[0m
[2.242s] [ 54%] [32mBuilding CXX object CMakeFiles/dynamixel_sdk_custom_interfaces__rosidl_typesupport_cpp.dir/rosidl_typesupport_cpp/dynamixel_sdk_custom_interfaces/srv/sync_get_position__type_support.cpp.o[0m
[2.250s] [ 56%] [32mBuilding CXX object CMakeFiles/dynamixel_sdk_custom_interfaces__rosidl_typesupport_fastrtps_c.dir/rosidl_typesupport_fastrtps_c/dynamixel_sdk_custom_interfaces/msg/detail/bulk_set_item__type_support_c.cpp.o[0m
[2.260s] [ 57%] [32m[1mLinking C shared library libdynamixel_sdk_custom_interfaces__rosidl_typesupport_introspection_c.so[0m
[2.287s] [ 57%] Built target dynamixel_sdk_custom_interfaces__rosidl_typesupport_introspection_c
[2.291s] [ 59%] [32mBuilding CXX object CMakeFiles/dynamixel_sdk_custom_interfaces__rosidl_typesupport_fastrtps_c.dir/rosidl_typesupport_fastrtps_c/dynamixel_sdk_custom_interfaces/msg/detail/sync_set_position__type_support_c.cpp.o[0m
[2.298s] [ 60%] [32mBuilding CXX object CMakeFiles/dynamixel_sdk_custom_interfaces__rosidl_typesupport_fastrtps_cpp.dir/rosidl_typesupport_fastrtps_cpp/dynamixel_sdk_custom_interfaces/msg/detail/dds_fastrtps/bulk_set_item__type_support.cpp.o[0m
[2.373s] [ 61%] [32mBuilding CXX object CMakeFiles/dynamixel_sdk_custom_interfaces__rosidl_typesupport_fastrtps_cpp.dir/rosidl_typesupport_fastrtps_cpp/dynamixel_sdk_custom_interfaces/msg/detail/dds_fastrtps/sync_set_position__type_support.cpp.o[0m
[2.382s] [ 63%] [32mBuilding CXX object CMakeFiles/dynamixel_sdk_custom_interfaces__rosidl_typesupport_introspection_cpp.dir/rosidl_typesupport_introspection_cpp/dynamixel_sdk_custom_interfaces/srv/detail/get_position__type_support.cpp.o[0m
[2.588s] [ 64%] [32mBuilding CXX object CMakeFiles/dynamixel_sdk_custom_interfaces__rosidl_typesupport_fastrtps_c.dir/rosidl_typesupport_fastrtps_c/dynamixel_sdk_custom_interfaces/srv/detail/get_position__type_support_c.cpp.o[0m
[2.597s] [ 66%] [32m[1mLinking CXX shared library libdynamixel_sdk_custom_interfaces__rosidl_typesupport_cpp.so[0m
[2.649s] [ 66%] Built target dynamixel_sdk_custom_interfaces__rosidl_typesupport_cpp
[2.654s] [ 67%] [32mBuilding CXX object CMakeFiles/dynamixel_sdk_custom_interfaces__rosidl_typesupport_fastrtps_c.dir/rosidl_typesupport_fastrtps_c/dynamixel_sdk_custom_interfaces/srv/detail/bulk_get_item__type_support_c.cpp.o[0m
[2.687s] [ 69%] [32mBuilding CXX object CMakeFiles/dynamixel_sdk_custom_interfaces__rosidl_typesupport_introspection_cpp.dir/rosidl_typesupport_introspection_cpp/dynamixel_sdk_custom_interfaces/srv/detail/bulk_get_item__type_support.cpp.o[0m
[2.707s] [ 70%] [32mBuilding CXX object CMakeFiles/dynamixel_sdk_custom_interfaces__rosidl_typesupport_fastrtps_c.dir/rosidl_typesupport_fastrtps_c/dynamixel_sdk_custom_interfaces/srv/detail/sync_get_position__type_support_c.cpp.o[0m
[2.756s] [ 71%] [32mBuilding CXX object CMakeFiles/dynamixel_sdk_custom_interfaces__rosidl_typesupport_introspection_cpp.dir/rosidl_typesupport_introspection_cpp/dynamixel_sdk_custom_interfaces/srv/detail/sync_get_position__type_support.cpp.o[0m
[2.835s] [ 73%] [32mBuilding CXX object CMakeFiles/dynamixel_sdk_custom_interfaces__rosidl_typesupport_fastrtps_cpp.dir/rosidl_typesupport_fastrtps_cpp/dynamixel_sdk_custom_interfaces/srv/detail/dds_fastrtps/get_position__type_support.cpp.o[0m
[2.895s] [ 74%] [32mBuilding CXX object CMakeFiles/dynamixel_sdk_custom_interfaces__rosidl_typesupport_fastrtps_cpp.dir/rosidl_typesupport_fastrtps_cpp/dynamixel_sdk_custom_interfaces/srv/detail/dds_fastrtps/bulk_get_item__type_support.cpp.o[0m
[2.913s] [ 76%] [32mBuilding CXX object CMakeFiles/dynamixel_sdk_custom_interfaces__rosidl_typesupport_fastrtps_cpp.dir/rosidl_typesupport_fastrtps_cpp/dynamixel_sdk_custom_interfaces/srv/detail/dds_fastrtps/sync_get_position__type_support.cpp.o[0m
[3.162s] [ 77%] [32m[1mLinking CXX shared library libdynamixel_sdk_custom_interfaces__rosidl_typesupport_fastrtps_c.so[0m
[3.233s] [ 78%] [32m[1mLinking CXX shared library libdynamixel_sdk_custom_interfaces__rosidl_typesupport_introspection_cpp.so[0m
[3.239s] [ 78%] Built target dynamixel_sdk_custom_interfaces__rosidl_typesupport_fastrtps_c
[3.283s] [ 78%] Built target dynamixel_sdk_custom_interfaces__rosidl_typesupport_introspection_cpp
[3.397s] [ 80%] [32m[1mLinking CXX shared library libdynamixel_sdk_custom_interfaces__rosidl_typesupport_fastrtps_cpp.so[0m
[3.448s] [ 80%] Built target dynamixel_sdk_custom_interfaces__rosidl_typesupport_fastrtps_cpp
[3.454s] [ 80%] Built target dynamixel_sdk_custom_interfaces
[3.461s] [ 81%] [34m[1mGenerating Python code for ROS interfaces[0m
[4.255s] [ 81%] Built target dynamixel_sdk_custom_interfaces__py
[4.262s] [ 83%] [32mBuilding C object CMakeFiles/dynamixel_sdk_custom_interfaces__rosidl_generator_py.dir/rosidl_generator_py/dynamixel_sdk_custom_interfaces/msg/_bulk_set_item_s.c.o[0m
[4.262s] [ 84%] [32mBuilding C object CMakeFiles/dynamixel_sdk_custom_interfaces__rosidl_generator_py.dir/rosidl_generator_py/dynamixel_sdk_custom_interfaces/msg/_set_position_s.c.o[0m
[4.262s] [ 85%] [32mBuilding C object CMakeFiles/dynamixel_sdk_custom_interfaces__rosidl_generator_py.dir/rosidl_generator_py/dynamixel_sdk_custom_interfaces/srv/_get_position_s.c.o[0m
[4.263s] [ 87%] [32mBuilding C object CMakeFiles/dynamixel_sdk_custom_interfaces__rosidl_generator_py.dir/rosidl_generator_py/dynamixel_sdk_custom_interfaces/msg/_sync_set_position_s.c.o[0m
[4.263s] [ 88%] [32mBuilding C object CMakeFiles/dynamixel_sdk_custom_interfaces__rosidl_generator_py.dir/rosidl_generator_py/dynamixel_sdk_custom_interfaces/srv/_bulk_get_item_s.c.o[0m
[4.263s] [ 90%] [32mBuilding C object CMakeFiles/dynamixel_sdk_custom_interfaces__rosidl_generator_py.dir/rosidl_generator_py/dynamixel_sdk_custom_interfaces/srv/_sync_get_position_s.c.o[0m
[4.394s] [ 91%] [32m[1mLinking C shared library rosidl_generator_py/dynamixel_sdk_custom_interfaces/libdynamixel_sdk_custom_interfaces__rosidl_generator_py.so[0m
[4.416s] [ 91%] Built target dynamixel_sdk_custom_interfaces__rosidl_generator_py
[4.423s] [ 95%] [32mBuilding C object CMakeFiles/dynamixel_sdk_custom_interfaces__rosidl_typesupport_fastrtps_c__pyext.dir/rosidl_generator_py/dynamixel_sdk_custom_interfaces/_dynamixel_sdk_custom_interfaces_s.ep.rosidl_typesupport_fastrtps_c.c.o[0m
[4.423s] [ 95%] [32mBuilding C object CMakeFiles/dynamixel_sdk_custom_interfaces__rosidl_typesupport_c__pyext.dir/rosidl_generator_py/dynamixel_sdk_custom_interfaces/_dynamixel_sdk_custom_interfaces_s.ep.rosidl_typesupport_c.c.o[0m
[4.423s] [ 95%] [32mBuilding C object CMakeFiles/dynamixel_sdk_custom_interfaces__rosidl_typesupport_introspection_c__pyext.dir/rosidl_generator_py/dynamixel_sdk_custom_interfaces/_dynamixel_sdk_custom_interfaces_s.ep.rosidl_typesupport_introspection_c.c.o[0m
[4.513s] [100%] [32m[1mLinking C shared library rosidl_generator_py/dynamixel_sdk_custom_interfaces/dynamixel_sdk_custom_interfaces_s__rosidl_typesupport_c.cpython-310-x86_64-linux-gnu.so[0m
[4.513s] [100%] [32m[1mLinking C shared library rosidl_generator_py/dynamixel_sdk_custom_interfaces/dynamixel_sdk_custom_interfaces_s__rosidl_typesupport_fastrtps_c.cpython-310-x86_64-linux-gnu.so[0m
[4.514s] [100%] [32m[1mLinking C shared library rosidl_generator_py/dynamixel_sdk_custom_interfaces/dynamixel_sdk_custom_interfaces_s__rosidl_typesupport_introspection_c.cpython-310-x86_64-linux-gnu.so[0m
[4.532s] [100%] Built target dynamixel_sdk_custom_interfaces__rosidl_typesupport_fastrtps_c__pyext
[4.532s] [100%] Built target dynamixel_sdk_custom_interfaces__rosidl_typesupport_introspection_c__pyext
[4.532s] [100%] Built target dynamixel_sdk_custom_interfaces__rosidl_typesupport_c__pyext
[4.536s] Invoked command in '/home/artimonke/DynamixelSDK/build/dynamixel_sdk_custom_interfaces' returned '0': CMAKE_PREFIX_PATH=/opt/ros/humble /usr/bin/cmake --build /home/artimonke/DynamixelSDK/build/dynamixel_sdk_custom_interfaces -- -j8 -l8
[4.607s] Invoking command in '/home/artimonke/DynamixelSDK/build/dynamixel_sdk_custom_interfaces': CMAKE_PREFIX_PATH=/opt/ros/humble /usr/bin/cmake --install /home/artimonke/DynamixelSDK/build/dynamixel_sdk_custom_interfaces
[4.610s] -- Install configuration: ""
[4.610s] -- Installing: /home/artimonke/DynamixelSDK/install/dynamixel_sdk_custom_interfaces/share/ament_index/resource_index/rosidl_interfaces/dynamixel_sdk_custom_interfaces
[4.610s] -- Installing: /home/artimonke/DynamixelSDK/install/dynamixel_sdk_custom_interfaces/include/dynamixel_sdk_custom_interfaces/dynamixel_sdk_custom_interfaces
[4.610s] -- Installing: /home/artimonke/DynamixelSDK/install/dynamixel_sdk_custom_interfaces/include/dynamixel_sdk_custom_interfaces/dynamixel_sdk_custom_interfaces/msg
[4.610s] -- Installing: /home/artimonke/DynamixelSDK/install/dynamixel_sdk_custom_interfaces/include/dynamixel_sdk_custom_interfaces/dynamixel_sdk_custom_interfaces/msg/rosidl_generator_c__visibility_control.h
[4.610s] -- Installing: /home/artimonke/DynamixelSDK/install/dynamixel_sdk_custom_interfaces/include/dynamixel_sdk_custom_interfaces/dynamixel_sdk_custom_interfaces/msg/set_position.h
[4.611s] -- Installing: /home/artimonke/DynamixelSDK/install/dynamixel_sdk_custom_interfaces/include/dynamixel_sdk_custom_interfaces/dynamixel_sdk_custom_interfaces/msg/detail
[4.611s] -- Installing: /home/artimonke/DynamixelSDK/install/dynamixel_sdk_custom_interfaces/include/dynamixel_sdk_custom_interfaces/dynamixel_sdk_custom_interfaces/msg/detail/set_position__type_support.h
[4.611s] -- Installing: /home/artimonke/DynamixelSDK/install/dynamixel_sdk_custom_interfaces/include/dynamixel_sdk_custom_interfaces/dynamixel_sdk_custom_interfaces/msg/detail/set_position__struct.h
[4.611s] -- Installing: /home/artimonke/DynamixelSDK/install/dynamixel_sdk_custom_interfaces/include/dynamixel_sdk_custom_interfaces/dynamixel_sdk_custom_interfaces/msg/detail/set_position__functions.c
[4.611s] -- Installing: /home/artimonke/DynamixelSDK/install/dynamixel_sdk_custom_interfaces/include/dynamixel_sdk_custom_interfaces/dynamixel_sdk_custom_interfaces/msg/detail/set_position__functions.h
[4.611s] -- Installing: /home/artimonke/DynamixelSDK/install/dynamixel_sdk_custom_interfaces/include/dynamixel_sdk_custom_interfaces/dynamixel_sdk_custom_interfaces/msg/detail/sync_set_position__functions.c
[4.611s] -- Installing: /home/artimonke/DynamixelSDK/install/dynamixel_sdk_custom_interfaces/include/dynamixel_sdk_custom_interfaces/dynamixel_sdk_custom_interfaces/msg/detail/sync_set_position__functions.h
[4.611s] -- Installing: /home/artimonke/DynamixelSDK/install/dynamixel_sdk_custom_interfaces/include/dynamixel_sdk_custom_interfaces/dynamixel_sdk_custom_interfaces/msg/detail/sync_set_position__struct.h
[4.611s] -- Installing: /home/artimonke/DynamixelSDK/install/dynamixel_sdk_custom_interfaces/include/dynamixel_sdk_custom_interfaces/dynamixel_sdk_custom_interfaces/msg/detail/bulk_set_item__struct.h
[4.611s] -- Installing: /home/artimonke/DynamixelSDK/install/dynamixel_sdk_custom_interfaces/include/dynamixel_sdk_custom_interfaces/dynamixel_sdk_custom_interfaces/msg/detail/bulk_set_item__type_support.h
[4.611s] -- Installing: /home/artimonke/DynamixelSDK/install/dynamixel_sdk_custom_interfaces/include/dynamixel_sdk_custom_interfaces/dynamixel_sdk_custom_interfaces/msg/detail/bulk_set_item__functions.h
[4.611s] -- Installing: /home/artimonke/DynamixelSDK/install/dynamixel_sdk_custom_interfaces/include/dynamixel_sdk_custom_interfaces/dynamixel_sdk_custom_interfaces/msg/detail/sync_set_position__type_support.h
[4.611s] -- Installing: /home/artimonke/DynamixelSDK/install/dynamixel_sdk_custom_interfaces/include/dynamixel_sdk_custom_interfaces/dynamixel_sdk_custom_interfaces/msg/detail/bulk_set_item__functions.c
[4.611s] -- Installing: /home/artimonke/DynamixelSDK/install/dynamixel_sdk_custom_interfaces/include/dynamixel_sdk_custom_interfaces/dynamixel_sdk_custom_interfaces/msg/sync_set_position.h
[4.611s] -- Installing: /home/artimonke/DynamixelSDK/install/dynamixel_sdk_custom_interfaces/include/dynamixel_sdk_custom_interfaces/dynamixel_sdk_custom_interfaces/msg/bulk_set_item.h
[4.612s] -- Installing: /home/artimonke/DynamixelSDK/install/dynamixel_sdk_custom_interfaces/include/dynamixel_sdk_custom_interfaces/dynamixel_sdk_custom_interfaces/srv
[4.612s] -- Installing: /home/artimonke/DynamixelSDK/install/dynamixel_sdk_custom_interfaces/include/dynamixel_sdk_custom_interfaces/dynamixel_sdk_custom_interfaces/srv/sync_get_position.h
[4.612s] -- Installing: /home/artimonke/DynamixelSDK/install/dynamixel_sdk_custom_interfaces/include/dynamixel_sdk_custom_interfaces/dynamixel_sdk_custom_interfaces/srv/bulk_get_item.h
[4.612s] -- Installing: /home/artimonke/DynamixelSDK/install/dynamixel_sdk_custom_interfaces/include/dynamixel_sdk_custom_interfaces/dynamixel_sdk_custom_interfaces/srv/detail
[4.612s] -- Installing: /home/artimonke/DynamixelSDK/install/dynamixel_sdk_custom_interfaces/include/dynamixel_sdk_custom_interfaces/dynamixel_sdk_custom_interfaces/srv/detail/bulk_get_item__functions.h
[4.612s] -- Installing: /home/artimonke/DynamixelSDK/install/dynamixel_sdk_custom_interfaces/include/dynamixel_sdk_custom_interfaces/dynamixel_sdk_custom_interfaces/srv/detail/sync_get_position__functions.h
[4.612s] -- Installing: /home/artimonke/DynamixelSDK/install/dynamixel_sdk_custom_interfaces/include/dynamixel_sdk_custom_interfaces/dynamixel_sdk_custom_interfaces/srv/detail/sync_get_position__functions.c
[4.612s] -- Installing: /home/artimonke/DynamixelSDK/install/dynamixel_sdk_custom_interfaces/include/dynamixel_sdk_custom_interfaces/dynamixel_sdk_custom_interfaces/srv/detail/get_position__struct.h
[4.612s] -- Installing: /home/artimonke/DynamixelSDK/install/dynamixel_sdk_custom_interfaces/include/dynamixel_sdk_custom_interfaces/dynamixel_sdk_custom_interfaces/srv/detail/get_position__functions.h
[4.612s] -- Installing: /home/artimonke/DynamixelSDK/install/dynamixel_sdk_custom_interfaces/include/dynamixel_sdk_custom_interfaces/dynamixel_sdk_custom_interfaces/srv/detail/get_position__type_support.h
[4.612s] -- Installing: /home/artimonke/DynamixelSDK/install/dynamixel_sdk_custom_interfaces/include/dynamixel_sdk_custom_interfaces/dynamixel_sdk_custom_interfaces/srv/detail/get_position__functions.c
[4.612s] -- Installing: /home/artimonke/DynamixelSDK/install/dynamixel_sdk_custom_interfaces/include/dynamixel_sdk_custom_interfaces/dynamixel_sdk_custom_interfaces/srv/detail/bulk_get_item__type_support.h
[4.612s] -- Installing: /home/artimonke/DynamixelSDK/install/dynamixel_sdk_custom_interfaces/include/dynamixel_sdk_custom_interfaces/dynamixel_sdk_custom_interfaces/srv/detail/bulk_get_item__functions.c
[4.612s] -- Installing: /home/artimonke/DynamixelSDK/install/dynamixel_sdk_custom_interfaces/include/dynamixel_sdk_custom_interfaces/dynamixel_sdk_custom_interfaces/srv/detail/bulk_get_item__struct.h
[4.612s] -- Installing: /home/artimonke/DynamixelSDK/install/dynamixel_sdk_custom_interfaces/include/dynamixel_sdk_custom_interfaces/dynamixel_sdk_custom_interfaces/srv/detail/sync_get_position__struct.h
[4.613s] -- Installing: /home/artimonke/DynamixelSDK/install/dynamixel_sdk_custom_interfaces/include/dynamixel_sdk_custom_interfaces/dynamixel_sdk_custom_interfaces/srv/detail/sync_get_position__type_support.h
[4.613s] -- Installing: /home/artimonke/DynamixelSDK/install/dynamixel_sdk_custom_interfaces/include/dynamixel_sdk_custom_interfaces/dynamixel_sdk_custom_interfaces/srv/get_position.h
[4.613s] -- Installing: /home/artimonke/DynamixelSDK/install/dynamixel_sdk_custom_interfaces/share/dynamixel_sdk_custom_interfaces/environment/library_path.sh
[4.613s] -- Installing: /home/artimonke/DynamixelSDK/install/dynamixel_sdk_custom_interfaces/share/dynamixel_sdk_custom_interfaces/environment/library_path.dsv
[4.613s] -- Installing: /home/artimonke/DynamixelSDK/install/dynamixel_sdk_custom_interfaces/lib/libdynamixel_sdk_custom_interfaces__rosidl_generator_c.so
[4.613s] -- Set runtime path of "/home/artimonke/DynamixelSDK/install/dynamixel_sdk_custom_interfaces/lib/libdynamixel_sdk_custom_interfaces__rosidl_generator_c.so" to ""
[4.613s] -- Up-to-date: /home/artimonke/DynamixelSDK/install/dynamixel_sdk_custom_interfaces/include/dynamixel_sdk_custom_interfaces/dynamixel_sdk_custom_interfaces
[4.613s] -- Up-to-date: /home/artimonke/DynamixelSDK/install/dynamixel_sdk_custom_interfaces/include/dynamixel_sdk_custom_interfaces/dynamixel_sdk_custom_interfaces/msg
[4.613s] -- Installing: /home/artimonke/DynamixelSDK/install/dynamixel_sdk_custom_interfaces/include/dynamixel_sdk_custom_interfaces/dynamixel_sdk_custom_interfaces/msg/rosidl_typesupport_fastrtps_c__visibility_control.h
[4.613s] -- Up-to-date: /home/artimonke/DynamixelSDK/install/dynamixel_sdk_custom_interfaces/include/dynamixel_sdk_custom_interfaces/dynamixel_sdk_custom_interfaces/msg/detail
[4.613s] -- Installing: /home/artimonke/DynamixelSDK/install/dynamixel_sdk_custom_interfaces/include/dynamixel_sdk_custom_interfaces/dynamixel_sdk_custom_interfaces/msg/detail/bulk_set_item__rosidl_typesupport_fastrtps_c.h
[4.613s] -- Installing: /home/artimonke/DynamixelSDK/install/dynamixel_sdk_custom_interfaces/include/dynamixel_sdk_custom_interfaces/dynamixel_sdk_custom_interfaces/msg/detail/sync_set_position__rosidl_typesupport_fastrtps_c.h
[4.613s] -- Installing: /home/artimonke/DynamixelSDK/install/dynamixel_sdk_custom_interfaces/include/dynamixel_sdk_custom_interfaces/dynamixel_sdk_custom_interfaces/msg/detail/set_position__rosidl_typesupport_fastrtps_c.h
[4.613s] -- Up-to-date: /home/artimonke/DynamixelSDK/install/dynamixel_sdk_custom_interfaces/include/dynamixel_sdk_custom_interfaces/dynamixel_sdk_custom_interfaces/srv
[4.614s] -- Up-to-date: /home/artimonke/DynamixelSDK/install/dynamixel_sdk_custom_interfaces/include/dynamixel_sdk_custom_interfaces/dynamixel_sdk_custom_interfaces/srv/detail
[4.614s] -- Installing: /home/artimonke/DynamixelSDK/install/dynamixel_sdk_custom_interfaces/include/dynamixel_sdk_custom_interfaces/dynamixel_sdk_custom_interfaces/srv/detail/get_position__rosidl_typesupport_fastrtps_c.h
[4.614s] -- Installing: /home/artimonke/DynamixelSDK/install/dynamixel_sdk_custom_interfaces/include/dynamixel_sdk_custom_interfaces/dynamixel_sdk_custom_interfaces/srv/detail/sync_get_position__rosidl_typesupport_fastrtps_c.h
[4.614s] -- Installing: /home/artimonke/DynamixelSDK/install/dynamixel_sdk_custom_interfaces/include/dynamixel_sdk_custom_interfaces/dynamixel_sdk_custom_interfaces/srv/detail/bulk_get_item__rosidl_typesupport_fastrtps_c.h
[4.614s] -- Installing: /home/artimonke/DynamixelSDK/install/dynamixel_sdk_custom_interfaces/lib/libdynamixel_sdk_custom_interfaces__rosidl_typesupport_fastrtps_c.so
[4.614s] -- Set runtime path of "/home/artimonke/DynamixelSDK/install/dynamixel_sdk_custom_interfaces/lib/libdynamixel_sdk_custom_interfaces__rosidl_typesupport_fastrtps_c.so" to ""
[4.614s] -- Up-to-date: /home/artimonke/DynamixelSDK/install/dynamixel_sdk_custom_interfaces/include/dynamixel_sdk_custom_interfaces/dynamixel_sdk_custom_interfaces
[4.614s] -- Up-to-date: /home/artimonke/DynamixelSDK/install/dynamixel_sdk_custom_interfaces/include/dynamixel_sdk_custom_interfaces/dynamixel_sdk_custom_interfaces/msg
[4.614s] -- Installing: /home/artimonke/DynamixelSDK/install/dynamixel_sdk_custom_interfaces/include/dynamixel_sdk_custom_interfaces/dynamixel_sdk_custom_interfaces/msg/bulk_set_item.hpp
[4.614s] -- Installing: /home/artimonke/DynamixelSDK/install/dynamixel_sdk_custom_interfaces/include/dynamixel_sdk_custom_interfaces/dynamixel_sdk_custom_interfaces/msg/sync_set_position.hpp
[4.614s] -- Installing: /home/artimonke/DynamixelSDK/install/dynamixel_sdk_custom_interfaces/include/dynamixel_sdk_custom_interfaces/dynamixel_sdk_custom_interfaces/msg/set_position.hpp
[4.614s] -- Up-to-date: /home/artimonke/DynamixelSDK/install/dynamixel_sdk_custom_interfaces/include/dynamixel_sdk_custom_interfaces/dynamixel_sdk_custom_interfaces/msg/detail
[4.614s] -- Installing: /home/artimonke/DynamixelSDK/install/dynamixel_sdk_custom_interfaces/include/dynamixel_sdk_custom_interfaces/dynamixel_sdk_custom_interfaces/msg/detail/bulk_set_item__builder.hpp
[4.614s] -- Installing: /home/artimonke/DynamixelSDK/install/dynamixel_sdk_custom_interfaces/include/dynamixel_sdk_custom_interfaces/dynamixel_sdk_custom_interfaces/msg/detail/sync_set_position__struct.hpp
[4.614s] -- Installing: /home/artimonke/DynamixelSDK/install/dynamixel_sdk_custom_interfaces/include/dynamixel_sdk_custom_interfaces/dynamixel_sdk_custom_interfaces/msg/detail/sync_set_position__traits.hpp
[4.615s] -- Installing: /home/artimonke/DynamixelSDK/install/dynamixel_sdk_custom_interfaces/include/dynamixel_sdk_custom_interfaces/dynamixel_sdk_custom_interfaces/msg/detail/set_position__builder.hpp
[4.615s] -- Installing: /home/artimonke/DynamixelSDK/install/dynamixel_sdk_custom_interfaces/include/dynamixel_sdk_custom_interfaces/dynamixel_sdk_custom_interfaces/msg/detail/sync_set_position__builder.hpp
[4.615s] -- Installing: /home/artimonke/DynamixelSDK/install/dynamixel_sdk_custom_interfaces/include/dynamixel_sdk_custom_interfaces/dynamixel_sdk_custom_interfaces/msg/detail/bulk_set_item__traits.hpp
[4.615s] -- Installing: /home/artimonke/DynamixelSDK/install/dynamixel_sdk_custom_interfaces/include/dynamixel_sdk_custom_interfaces/dynamixel_sdk_custom_interfaces/msg/detail/set_position__struct.hpp
[4.615s] -- Installing: /home/artimonke/DynamixelSDK/install/dynamixel_sdk_custom_interfaces/include/dynamixel_sdk_custom_interfaces/dynamixel_sdk_custom_interfaces/msg/detail/bulk_set_item__struct.hpp
[4.615s] -- Installing: /home/artimonke/DynamixelSDK/install/dynamixel_sdk_custom_interfaces/include/dynamixel_sdk_custom_interfaces/dynamixel_sdk_custom_interfaces/msg/detail/set_position__traits.hpp
[4.615s] -- Up-to-date: /home/artimonke/DynamixelSDK/install/dynamixel_sdk_custom_interfaces/include/dynamixel_sdk_custom_interfaces/dynamixel_sdk_custom_interfaces/srv
[4.615s] -- Installing: /home/artimonke/DynamixelSDK/install/dynamixel_sdk_custom_interfaces/include/dynamixel_sdk_custom_interfaces/dynamixel_sdk_custom_interfaces/srv/get_position.hpp
[4.615s] -- Installing: /home/artimonke/DynamixelSDK/install/dynamixel_sdk_custom_interfaces/include/dynamixel_sdk_custom_interfaces/dynamixel_sdk_custom_interfaces/srv/sync_get_position.hpp
[4.615s] -- Installing: /home/artimonke/DynamixelSDK/install/dynamixel_sdk_custom_interfaces/include/dynamixel_sdk_custom_interfaces/dynamixel_sdk_custom_interfaces/srv/bulk_get_item.hpp
[4.615s] -- Up-to-date: /home/artimonke/DynamixelSDK/install/dynamixel_sdk_custom_interfaces/include/dynamixel_sdk_custom_interfaces/dynamixel_sdk_custom_interfaces/srv/detail
[4.615s] -- Installing: /home/artimonke/DynamixelSDK/install/dynamixel_sdk_custom_interfaces/include/dynamixel_sdk_custom_interfaces/dynamixel_sdk_custom_interfaces/srv/detail/sync_get_position__traits.hpp
[4.615s] -- Installing: /home/artimonke/DynamixelSDK/install/dynamixel_sdk_custom_interfaces/include/dynamixel_sdk_custom_interfaces/dynamixel_sdk_custom_interfaces/srv/detail/sync_get_position__struct.hpp
[4.615s] -- Installing: /home/artimonke/DynamixelSDK/install/dynamixel_sdk_custom_interfaces/include/dynamixel_sdk_custom_interfaces/dynamixel_sdk_custom_interfaces/srv/detail/bulk_get_item__struct.hpp
[4.615s] -- Installing: /home/artimonke/DynamixelSDK/install/dynamixel_sdk_custom_interfaces/include/dynamixel_sdk_custom_interfaces/dynamixel_sdk_custom_interfaces/srv/detail/get_position__builder.hpp
[4.615s] -- Installing: /home/artimonke/DynamixelSDK/install/dynamixel_sdk_custom_interfaces/include/dynamixel_sdk_custom_interfaces/dynamixel_sdk_custom_interfaces/srv/detail/sync_get_position__builder.hpp
[4.616s] -- Installing: /home/artimonke/DynamixelSDK/install/dynamixel_sdk_custom_interfaces/include/dynamixel_sdk_custom_interfaces/dynamixel_sdk_custom_interfaces/srv/detail/bulk_get_item__traits.hpp
[4.616s] -- Installing: /home/artimonke/DynamixelSDK/install/dynamixel_sdk_custom_interfaces/include/dynamixel_sdk_custom_interfaces/dynamixel_sdk_custom_interfaces/srv/detail/get_position__struct.hpp
[4.616s] -- Installing: /home/artimonke/DynamixelSDK/install/dynamixel_sdk_custom_interfaces/include/dynamixel_sdk_custom_interfaces/dynamixel_sdk_custom_interfaces/srv/detail/get_position__traits.hpp
[4.616s] -- Installing: /home/artimonke/DynamixelSDK/install/dynamixel_sdk_custom_interfaces/include/dynamixel_sdk_custom_interfaces/dynamixel_sdk_custom_interfaces/srv/detail/bulk_get_item__builder.hpp
[4.616s] -- Up-to-date: /home/artimonke/DynamixelSDK/install/dynamixel_sdk_custom_interfaces/include/dynamixel_sdk_custom_interfaces/dynamixel_sdk_custom_interfaces
[4.616s] -- Up-to-date: /home/artimonke/DynamixelSDK/install/dynamixel_sdk_custom_interfaces/include/dynamixel_sdk_custom_interfaces/dynamixel_sdk_custom_interfaces/msg
[4.616s] -- Installing: /home/artimonke/DynamixelSDK/install/dynamixel_sdk_custom_interfaces/include/dynamixel_sdk_custom_interfaces/dynamixel_sdk_custom_interfaces/msg/rosidl_typesupport_fastrtps_cpp__visibility_control.h
[4.616s] -- Up-to-date: /home/artimonke/DynamixelSDK/install/dynamixel_sdk_custom_interfaces/include/dynamixel_sdk_custom_interfaces/dynamixel_sdk_custom_interfaces/msg/detail
[4.616s] -- Installing: /home/artimonke/DynamixelSDK/install/dynamixel_sdk_custom_interfaces/include/dynamixel_sdk_custom_interfaces/dynamixel_sdk_custom_interfaces/msg/detail/set_position__rosidl_typesupport_fastrtps_cpp.hpp
[4.616s] -- Installing: /home/artimonke/DynamixelSDK/install/dynamixel_sdk_custom_interfaces/include/dynamixel_sdk_custom_interfaces/dynamixel_sdk_custom_interfaces/msg/detail/bulk_set_item__rosidl_typesupport_fastrtps_cpp.hpp
[4.616s] -- Installing: /home/artimonke/DynamixelSDK/install/dynamixel_sdk_custom_interfaces/include/dynamixel_sdk_custom_interfaces/dynamixel_sdk_custom_interfaces/msg/detail/sync_set_position__rosidl_typesupport_fastrtps_cpp.hpp
[4.616s] -- Installing: /home/artimonke/DynamixelSDK/install/dynamixel_sdk_custom_interfaces/include/dynamixel_sdk_custom_interfaces/dynamixel_sdk_custom_interfaces/msg/detail/dds_fastrtps
[4.616s] -- Up-to-date: /home/artimonke/DynamixelSDK/install/dynamixel_sdk_custom_interfaces/include/dynamixel_sdk_custom_interfaces/dynamixel_sdk_custom_interfaces/srv
[4.616s] -- Up-to-date: /home/artimonke/DynamixelSDK/install/dynamixel_sdk_custom_interfaces/include/dynamixel_sdk_custom_interfaces/dynamixel_sdk_custom_interfaces/srv/detail
[4.616s] -- Installing: /home/artimonke/DynamixelSDK/install/dynamixel_sdk_custom_interfaces/include/dynamixel_sdk_custom_interfaces/dynamixel_sdk_custom_interfaces/srv/detail/sync_get_position__rosidl_typesupport_fastrtps_cpp.hpp
[4.616s] -- Installing: /home/artimonke/DynamixelSDK/install/dynamixel_sdk_custom_interfaces/include/dynamixel_sdk_custom_interfaces/dynamixel_sdk_custom_interfaces/srv/detail/get_position__rosidl_typesupport_fastrtps_cpp.hpp
[4.616s] -- Installing: /home/artimonke/DynamixelSDK/install/dynamixel_sdk_custom_interfaces/include/dynamixel_sdk_custom_interfaces/dynamixel_sdk_custom_interfaces/srv/detail/dds_fastrtps
[4.617s] -- Installing: /home/artimonke/DynamixelSDK/install/dynamixel_sdk_custom_interfaces/include/dynamixel_sdk_custom_interfaces/dynamixel_sdk_custom_interfaces/srv/detail/bulk_get_item__rosidl_typesupport_fastrtps_cpp.hpp
[4.617s] -- Installing: /home/artimonke/DynamixelSDK/install/dynamixel_sdk_custom_interfaces/lib/libdynamixel_sdk_custom_interfaces__rosidl_typesupport_fastrtps_cpp.so
[4.617s] -- Set runtime path of "/home/artimonke/DynamixelSDK/install/dynamixel_sdk_custom_interfaces/lib/libdynamixel_sdk_custom_interfaces__rosidl_typesupport_fastrtps_cpp.so" to ""
[4.617s] -- Up-to-date: /home/artimonke/DynamixelSDK/install/dynamixel_sdk_custom_interfaces/include/dynamixel_sdk_custom_interfaces/dynamixel_sdk_custom_interfaces
[4.617s] -- Up-to-date: /home/artimonke/DynamixelSDK/install/dynamixel_sdk_custom_interfaces/include/dynamixel_sdk_custom_interfaces/dynamixel_sdk_custom_interfaces/msg
[4.617s] -- Installing: /home/artimonke/DynamixelSDK/install/dynamixel_sdk_custom_interfaces/include/dynamixel_sdk_custom_interfaces/dynamixel_sdk_custom_interfaces/msg/rosidl_typesupport_introspection_c__visibility_control.h
[4.617s] -- Up-to-date: /home/artimonke/DynamixelSDK/install/dynamixel_sdk_custom_interfaces/include/dynamixel_sdk_custom_interfaces/dynamixel_sdk_custom_interfaces/msg/detail
[4.617s] -- Installing: /home/artimonke/DynamixelSDK/install/dynamixel_sdk_custom_interfaces/include/dynamixel_sdk_custom_interfaces/dynamixel_sdk_custom_interfaces/msg/detail/set_position__rosidl_typesupport_introspection_c.h
[4.617s] -- Installing: /home/artimonke/DynamixelSDK/install/dynamixel_sdk_custom_interfaces/include/dynamixel_sdk_custom_interfaces/dynamixel_sdk_custom_interfaces/msg/detail/bulk_set_item__rosidl_typesupport_introspection_c.h
[4.617s] -- Installing: /home/artimonke/DynamixelSDK/install/dynamixel_sdk_custom_interfaces/include/dynamixel_sdk_custom_interfaces/dynamixel_sdk_custom_interfaces/msg/detail/sync_set_position__rosidl_typesupport_introspection_c.h
[4.617s] -- Installing: /home/artimonke/DynamixelSDK/install/dynamixel_sdk_custom_interfaces/include/dynamixel_sdk_custom_interfaces/dynamixel_sdk_custom_interfaces/msg/detail/bulk_set_item__type_support.c
[4.617s] -- Installing: /home/artimonke/DynamixelSDK/install/dynamixel_sdk_custom_interfaces/include/dynamixel_sdk_custom_interfaces/dynamixel_sdk_custom_interfaces/msg/detail/sync_set_position__type_support.c
[4.617s] -- Installing: /home/artimonke/DynamixelSDK/install/dynamixel_sdk_custom_interfaces/include/dynamixel_sdk_custom_interfaces/dynamixel_sdk_custom_interfaces/msg/detail/set_position__type_support.c
[4.617s] -- Up-to-date: /home/artimonke/DynamixelSDK/install/dynamixel_sdk_custom_interfaces/include/dynamixel_sdk_custom_interfaces/dynamixel_sdk_custom_interfaces/srv
[4.617s] -- Up-to-date: /home/artimonke/DynamixelSDK/install/dynamixel_sdk_custom_interfaces/include/dynamixel_sdk_custom_interfaces/dynamixel_sdk_custom_interfaces/srv/detail
[4.617s] -- Installing: /home/artimonke/DynamixelSDK/install/dynamixel_sdk_custom_interfaces/include/dynamixel_sdk_custom_interfaces/dynamixel_sdk_custom_interfaces/srv/detail/sync_get_position__type_support.c
[4.618s] -- Installing: /home/artimonke/DynamixelSDK/install/dynamixel_sdk_custom_interfaces/include/dynamixel_sdk_custom_interfaces/dynamixel_sdk_custom_interfaces/srv/detail/get_position__rosidl_typesupport_introspection_c.h
[4.618s] -- Installing: /home/artimonke/DynamixelSDK/install/dynamixel_sdk_custom_interfaces/include/dynamixel_sdk_custom_interfaces/dynamixel_sdk_custom_interfaces/srv/detail/bulk_get_item__type_support.c
[4.618s] -- Installing: /home/artimonke/DynamixelSDK/install/dynamixel_sdk_custom_interfaces/include/dynamixel_sdk_custom_interfaces/dynamixel_sdk_custom_interfaces/srv/detail/bulk_get_item__rosidl_typesupport_introspection_c.h
[4.618s] -- Installing: /home/artimonke/DynamixelSDK/install/dynamixel_sdk_custom_interfaces/include/dynamixel_sdk_custom_interfaces/dynamixel_sdk_custom_interfaces/srv/detail/get_position__type_support.c
[4.618s] -- Installing: /home/artimonke/DynamixelSDK/install/dynamixel_sdk_custom_interfaces/include/dynamixel_sdk_custom_interfaces/dynamixel_sdk_custom_interfaces/srv/detail/sync_get_position__rosidl_typesupport_introspection_c.h
[4.618s] -- Installing: /home/artimonke/DynamixelSDK/install/dynamixel_sdk_custom_interfaces/lib/libdynamixel_sdk_custom_interfaces__rosidl_typesupport_introspection_c.so
[4.618s] -- Set runtime path of "/home/artimonke/DynamixelSDK/install/dynamixel_sdk_custom_interfaces/lib/libdynamixel_sdk_custom_interfaces__rosidl_typesupport_introspection_c.so" to ""
[4.618s] -- Installing: /home/artimonke/DynamixelSDK/install/dynamixel_sdk_custom_interfaces/lib/libdynamixel_sdk_custom_interfaces__rosidl_typesupport_c.so
[4.618s] -- Set runtime path of "/home/artimonke/DynamixelSDK/install/dynamixel_sdk_custom_interfaces/lib/libdynamixel_sdk_custom_interfaces__rosidl_typesupport_c.so" to ""
[4.618s] -- Up-to-date: /home/artimonke/DynamixelSDK/install/dynamixel_sdk_custom_interfaces/include/dynamixel_sdk_custom_interfaces/dynamixel_sdk_custom_interfaces
[4.618s] -- Up-to-date: /home/artimonke/DynamixelSDK/install/dynamixel_sdk_custom_interfaces/include/dynamixel_sdk_custom_interfaces/dynamixel_sdk_custom_interfaces/msg
[4.618s] -- Up-to-date: /home/artimonke/DynamixelSDK/install/dynamixel_sdk_custom_interfaces/include/dynamixel_sdk_custom_interfaces/dynamixel_sdk_custom_interfaces/msg/detail
[4.618s] -- Installing: /home/artimonke/DynamixelSDK/install/dynamixel_sdk_custom_interfaces/include/dynamixel_sdk_custom_interfaces/dynamixel_sdk_custom_interfaces/msg/detail/set_position__type_support.cpp
[4.618s] -- Installing: /home/artimonke/DynamixelSDK/install/dynamixel_sdk_custom_interfaces/include/dynamixel_sdk_custom_interfaces/dynamixel_sdk_custom_interfaces/msg/detail/sync_set_position__type_support.cpp
[4.618s] -- Installing: /home/artimonke/DynamixelSDK/install/dynamixel_sdk_custom_interfaces/include/dynamixel_sdk_custom_interfaces/dynamixel_sdk_custom_interfaces/msg/detail/set_position__rosidl_typesupport_introspection_cpp.hpp
[4.618s] -- Installing: /home/artimonke/DynamixelSDK/install/dynamixel_sdk_custom_interfaces/include/dynamixel_sdk_custom_interfaces/dynamixel_sdk_custom_interfaces/msg/detail/bulk_set_item__rosidl_typesupport_introspection_cpp.hpp
[4.619s] -- Installing: /home/artimonke/DynamixelSDK/install/dynamixel_sdk_custom_interfaces/include/dynamixel_sdk_custom_interfaces/dynamixel_sdk_custom_interfaces/msg/detail/sync_set_position__rosidl_typesupport_introspection_cpp.hpp
[4.619s] -- Installing: /home/artimonke/DynamixelSDK/install/dynamixel_sdk_custom_interfaces/include/dynamixel_sdk_custom_interfaces/dynamixel_sdk_custom_interfaces/msg/detail/bulk_set_item__type_support.cpp
[4.619s] -- Up-to-date: /home/artimonke/DynamixelSDK/install/dynamixel_sdk_custom_interfaces/include/dynamixel_sdk_custom_interfaces/dynamixel_sdk_custom_interfaces/srv
[4.619s] -- Up-to-date: /home/artimonke/DynamixelSDK/install/dynamixel_sdk_custom_interfaces/include/dynamixel_sdk_custom_interfaces/dynamixel_sdk_custom_interfaces/srv/detail
[4.619s] -- Installing: /home/artimonke/DynamixelSDK/install/dynamixel_sdk_custom_interfaces/include/dynamixel_sdk_custom_interfaces/dynamixel_sdk_custom_interfaces/srv/detail/get_position__type_support.cpp
[4.619s] -- Installing: /home/artimonke/DynamixelSDK/install/dynamixel_sdk_custom_interfaces/include/dynamixel_sdk_custom_interfaces/dynamixel_sdk_custom_interfaces/srv/detail/bulk_get_item__type_support.cpp
[4.619s] -- Installing: /home/artimonke/DynamixelSDK/install/dynamixel_sdk_custom_interfaces/include/dynamixel_sdk_custom_interfaces/dynamixel_sdk_custom_interfaces/srv/detail/bulk_get_item__rosidl_typesupport_introspection_cpp.hpp
[4.619s] -- Installing: /home/artimonke/DynamixelSDK/install/dynamixel_sdk_custom_interfaces/include/dynamixel_sdk_custom_interfaces/dynamixel_sdk_custom_interfaces/srv/detail/sync_get_position__rosidl_typesupport_introspection_cpp.hpp
[4.619s] -- Installing: /home/artimonke/DynamixelSDK/install/dynamixel_sdk_custom_interfaces/include/dynamixel_sdk_custom_interfaces/dynamixel_sdk_custom_interfaces/srv/detail/sync_get_position__type_support.cpp
[4.619s] -- Installing: /home/artimonke/DynamixelSDK/install/dynamixel_sdk_custom_interfaces/include/dynamixel_sdk_custom_interfaces/dynamixel_sdk_custom_interfaces/srv/detail/get_position__rosidl_typesupport_introspection_cpp.hpp
[4.619s] -- Installing: /home/artimonke/DynamixelSDK/install/dynamixel_sdk_custom_interfaces/lib/libdynamixel_sdk_custom_interfaces__rosidl_typesupport_introspection_cpp.so
[4.619s] -- Set runtime path of "/home/artimonke/DynamixelSDK/install/dynamixel_sdk_custom_interfaces/lib/libdynamixel_sdk_custom_interfaces__rosidl_typesupport_introspection_cpp.so" to ""
[4.619s] -- Installing: /home/artimonke/DynamixelSDK/install/dynamixel_sdk_custom_interfaces/lib/libdynamixel_sdk_custom_interfaces__rosidl_typesupport_cpp.so
[4.619s] -- Set runtime path of "/home/artimonke/DynamixelSDK/install/dynamixel_sdk_custom_interfaces/lib/libdynamixel_sdk_custom_interfaces__rosidl_typesupport_cpp.so" to ""
[4.619s] -- Installing: /home/artimonke/DynamixelSDK/install/dynamixel_sdk_custom_interfaces/share/dynamixel_sdk_custom_interfaces/environment/pythonpath.sh
[4.620s] -- Installing: /home/artimonke/DynamixelSDK/install/dynamixel_sdk_custom_interfaces/share/dynamixel_sdk_custom_interfaces/environment/pythonpath.dsv
[4.620s] -- Installing: /home/artimonke/DynamixelSDK/install/dynamixel_sdk_custom_interfaces/local/lib/python3.10/dist-packages/dynamixel_sdk_custom_interfaces-3.7.60-py3.10.egg-info
[4.620s] -- Installing: /home/artimonke/DynamixelSDK/install/dynamixel_sdk_custom_interfaces/local/lib/python3.10/dist-packages/dynamixel_sdk_custom_interfaces-3.7.60-py3.10.egg-info/PKG-INFO
[4.620s] -- Installing: /home/artimonke/DynamixelSDK/install/dynamixel_sdk_custom_interfaces/local/lib/python3.10/dist-packages/dynamixel_sdk_custom_interfaces-3.7.60-py3.10.egg-info/SOURCES.txt
[4.620s] -- Installing: /home/artimonke/DynamixelSDK/install/dynamixel_sdk_custom_interfaces/local/lib/python3.10/dist-packages/dynamixel_sdk_custom_interfaces-3.7.60-py3.10.egg-info/top_level.txt
[4.620s] -- Installing: /home/artimonke/DynamixelSDK/install/dynamixel_sdk_custom_interfaces/local/lib/python3.10/dist-packages/dynamixel_sdk_custom_interfaces-3.7.60-py3.10.egg-info/dependency_links.txt
[4.620s] -- Installing: /home/artimonke/DynamixelSDK/install/dynamixel_sdk_custom_interfaces/local/lib/python3.10/dist-packages/dynamixel_sdk_custom_interfaces
[4.620s] -- Installing: /home/artimonke/DynamixelSDK/install/dynamixel_sdk_custom_interfaces/local/lib/python3.10/dist-packages/dynamixel_sdk_custom_interfaces/dynamixel_sdk_custom_interfaces_s__rosidl_typesupport_c.cpython-310-x86_64-linux-gnu.so
[4.620s] -- Installing: /home/artimonke/DynamixelSDK/install/dynamixel_sdk_custom_interfaces/local/lib/python3.10/dist-packages/dynamixel_sdk_custom_interfaces/_dynamixel_sdk_custom_interfaces_s.ep.rosidl_typesupport_fastrtps_c.c
[4.620s] -- Installing: /home/artimonke/DynamixelSDK/install/dynamixel_sdk_custom_interfaces/local/lib/python3.10/dist-packages/dynamixel_sdk_custom_interfaces/_dynamixel_sdk_custom_interfaces_s.ep.rosidl_typesupport_introspection_c.c
[4.620s] -- Installing: /home/artimonke/DynamixelSDK/install/dynamixel_sdk_custom_interfaces/local/lib/python3.10/dist-packages/dynamixel_sdk_custom_interfaces/dynamixel_sdk_custom_interfaces_s__rosidl_typesupport_fastrtps_c.cpython-310-x86_64-linux-gnu.so
[4.620s] -- Installing: /home/artimonke/DynamixelSDK/install/dynamixel_sdk_custom_interfaces/local/lib/python3.10/dist-packages/dynamixel_sdk_custom_interfaces/libdynamixel_sdk_custom_interfaces__rosidl_generator_py.so
[4.621s] -- Installing: /home/artimonke/DynamixelSDK/install/dynamixel_sdk_custom_interfaces/local/lib/python3.10/dist-packages/dynamixel_sdk_custom_interfaces/_dynamixel_sdk_custom_interfaces_s.ep.rosidl_typesupport_c.c
[4.621s] -- Installing: /home/artimonke/DynamixelSDK/install/dynamixel_sdk_custom_interfaces/local/lib/python3.10/dist-packages/dynamixel_sdk_custom_interfaces/msg
[4.621s] -- Installing: /home/artimonke/DynamixelSDK/install/dynamixel_sdk_custom_interfaces/local/lib/python3.10/dist-packages/dynamixel_sdk_custom_interfaces/msg/_bulk_set_item.py
[4.621s] -- Installing: /home/artimonke/DynamixelSDK/install/dynamixel_sdk_custom_interfaces/local/lib/python3.10/dist-packages/dynamixel_sdk_custom_interfaces/msg/__init__.py
[4.621s] -- Installing: /home/artimonke/DynamixelSDK/install/dynamixel_sdk_custom_interfaces/local/lib/python3.10/dist-packages/dynamixel_sdk_custom_interfaces/msg/_set_position.py
[4.621s] -- Installing: /home/artimonke/DynamixelSDK/install/dynamixel_sdk_custom_interfaces/local/lib/python3.10/dist-packages/dynamixel_sdk_custom_interfaces/msg/_bulk_set_item_s.c
[4.621s] -- Installing: /home/artimonke/DynamixelSDK/install/dynamixel_sdk_custom_interfaces/local/lib/python3.10/dist-packages/dynamixel_sdk_custom_interfaces/msg/_sync_set_position_s.c
[4.621s] -- Installing: /home/artimonke/DynamixelSDK/install/dynamixel_sdk_custom_interfaces/local/lib/python3.10/dist-packages/dynamixel_sdk_custom_interfaces/msg/_set_position_s.c
[4.621s] -- Installing: /home/artimonke/DynamixelSDK/install/dynamixel_sdk_custom_interfaces/local/lib/python3.10/dist-packages/dynamixel_sdk_custom_interfaces/msg/_sync_set_position.py
[4.621s] -- Installing: /home/artimonke/DynamixelSDK/install/dynamixel_sdk_custom_interfaces/local/lib/python3.10/dist-packages/dynamixel_sdk_custom_interfaces/__init__.py
[4.621s] -- Installing: /home/artimonke/DynamixelSDK/install/dynamixel_sdk_custom_interfaces/local/lib/python3.10/dist-packages/dynamixel_sdk_custom_interfaces/srv
[4.622s] -- Installing: /home/artimonke/DynamixelSDK/install/dynamixel_sdk_custom_interfaces/local/lib/python3.10/dist-packages/dynamixel_sdk_custom_interfaces/srv/_sync_get_position.py
[4.622s] -- Installing: /home/artimonke/DynamixelSDK/install/dynamixel_sdk_custom_interfaces/local/lib/python3.10/dist-packages/dynamixel_sdk_custom_interfaces/srv/_bulk_get_item.py
[4.622s] -- Installing: /home/artimonke/DynamixelSDK/install/dynamixel_sdk_custom_interfaces/local/lib/python3.10/dist-packages/dynamixel_sdk_custom_interfaces/srv/_get_position_s.c
[4.622s] -- Installing: /home/artimonke/DynamixelSDK/install/dynamixel_sdk_custom_interfaces/local/lib/python3.10/dist-packages/dynamixel_sdk_custom_interfaces/srv/_get_position.py
[4.622s] -- Installing: /home/artimonke/DynamixelSDK/install/dynamixel_sdk_custom_interfaces/local/lib/python3.10/dist-packages/dynamixel_sdk_custom_interfaces/srv/_bulk_get_item_s.c
[4.622s] -- Installing: /home/artimonke/DynamixelSDK/install/dynamixel_sdk_custom_interfaces/local/lib/python3.10/dist-packages/dynamixel_sdk_custom_interfaces/srv/__init__.py
[4.622s] -- Installing: /home/artimonke/DynamixelSDK/install/dynamixel_sdk_custom_interfaces/local/lib/python3.10/dist-packages/dynamixel_sdk_custom_interfaces/srv/_sync_get_position_s.c
[4.622s] -- Installing: /home/artimonke/DynamixelSDK/install/dynamixel_sdk_custom_interfaces/local/lib/python3.10/dist-packages/dynamixel_sdk_custom_interfaces/dynamixel_sdk_custom_interfaces_s__rosidl_typesupport_introspection_c.cpython-310-x86_64-linux-gnu.so
[4.654s] Listing '/home/artimonke/DynamixelSDK/install/dynamixel_sdk_custom_interfaces/local/lib/python3.10/dist-packages/dynamixel_sdk_custom_interfaces'...
[4.655s] Compiling '/home/artimonke/DynamixelSDK/install/dynamixel_sdk_custom_interfaces/local/lib/python3.10/dist-packages/dynamixel_sdk_custom_interfaces/__init__.py'...
[4.655s] Listing '/home/artimonke/DynamixelSDK/install/dynamixel_sdk_custom_interfaces/local/lib/python3.10/dist-packages/dynamixel_sdk_custom_interfaces/msg'...
[4.655s] Compiling '/home/artimonke/DynamixelSDK/install/dynamixel_sdk_custom_interfaces/local/lib/python3.10/dist-packages/dynamixel_sdk_custom_interfaces/msg/__init__.py'...
[4.655s] Compiling '/home/artimonke/DynamixelSDK/install/dynamixel_sdk_custom_interfaces/local/lib/python3.10/dist-packages/dynamixel_sdk_custom_interfaces/msg/_bulk_set_item.py'...
[4.655s] Compiling '/home/artimonke/DynamixelSDK/install/dynamixel_sdk_custom_interfaces/local/lib/python3.10/dist-packages/dynamixel_sdk_custom_interfaces/msg/_set_position.py'...
[4.655s] Compiling '/home/artimonke/DynamixelSDK/install/dynamixel_sdk_custom_interfaces/local/lib/python3.10/dist-packages/dynamixel_sdk_custom_interfaces/msg/_sync_set_position.py'...
[4.655s] Listing '/home/artimonke/DynamixelSDK/install/dynamixel_sdk_custom_interfaces/local/lib/python3.10/dist-packages/dynamixel_sdk_custom_interfaces/srv'...
[4.655s] Compiling '/home/artimonke/DynamixelSDK/install/dynamixel_sdk_custom_interfaces/local/lib/python3.10/dist-packages/dynamixel_sdk_custom_interfaces/srv/__init__.py'...
[4.655s] Compiling '/home/artimonke/DynamixelSDK/install/dynamixel_sdk_custom_interfaces/local/lib/python3.10/dist-packages/dynamixel_sdk_custom_interfaces/srv/_bulk_get_item.py'...
[4.655s] Compiling '/home/artimonke/DynamixelSDK/install/dynamixel_sdk_custom_interfaces/local/lib/python3.10/dist-packages/dynamixel_sdk_custom_interfaces/srv/_get_position.py'...
[4.655s] Compiling '/home/artimonke/DynamixelSDK/install/dynamixel_sdk_custom_interfaces/local/lib/python3.10/dist-packages/dynamixel_sdk_custom_interfaces/srv/_sync_get_position.py'...
[4.658s] -- Installing: /home/artimonke/DynamixelSDK/install/dynamixel_sdk_custom_interfaces/local/lib/python3.10/dist-packages/dynamixel_sdk_custom_interfaces/dynamixel_sdk_custom_interfaces_s__rosidl_typesupport_fastrtps_c.cpython-310-x86_64-linux-gnu.so
[4.658s] -- Set runtime path of "/home/artimonke/DynamixelSDK/install/dynamixel_sdk_custom_interfaces/local/lib/python3.10/dist-packages/dynamixel_sdk_custom_interfaces/dynamixel_sdk_custom_interfaces_s__rosidl_typesupport_fastrtps_c.cpython-310-x86_64-linux-gnu.so" to ""
[4.659s] -- Installing: /home/artimonke/DynamixelSDK/install/dynamixel_sdk_custom_interfaces/local/lib/python3.10/dist-packages/dynamixel_sdk_custom_interfaces/dynamixel_sdk_custom_interfaces_s__rosidl_typesupport_introspection_c.cpython-310-x86_64-linux-gnu.so
[4.659s] -- Set runtime path of "/home/artimonke/DynamixelSDK/install/dynamixel_sdk_custom_interfaces/local/lib/python3.10/dist-packages/dynamixel_sdk_custom_interfaces/dynamixel_sdk_custom_interfaces_s__rosidl_typesupport_introspection_c.cpython-310-x86_64-linux-gnu.so" to ""
[4.659s] -- Installing: /home/artimonke/DynamixelSDK/install/dynamixel_sdk_custom_interfaces/local/lib/python3.10/dist-packages/dynamixel_sdk_custom_interfaces/dynamixel_sdk_custom_interfaces_s__rosidl_typesupport_c.cpython-310-x86_64-linux-gnu.so
[4.659s] -- Set runtime path of "/home/artimonke/DynamixelSDK/install/dynamixel_sdk_custom_interfaces/local/lib/python3.10/dist-packages/dynamixel_sdk_custom_interfaces/dynamixel_sdk_custom_interfaces_s__rosidl_typesupport_c.cpython-310-x86_64-linux-gnu.so" to ""
[4.659s] -- Installing: /home/artimonke/DynamixelSDK/install/dynamixel_sdk_custom_interfaces/lib/libdynamixel_sdk_custom_interfaces__rosidl_generator_py.so
[4.659s] -- Set runtime path of "/home/artimonke/DynamixelSDK/install/dynamixel_sdk_custom_interfaces/lib/libdynamixel_sdk_custom_interfaces__rosidl_generator_py.so" to ""
[4.660s] -- Installing: /home/artimonke/DynamixelSDK/install/dynamixel_sdk_custom_interfaces/share/dynamixel_sdk_custom_interfaces/msg/SetPosition.idl
[4.660s] -- Installing: /home/artimonke/DynamixelSDK/install/dynamixel_sdk_custom_interfaces/share/dynamixel_sdk_custom_interfaces/msg/BulkSetItem.idl
[4.660s] -- Installing: /home/artimonke/DynamixelSDK/install/dynamixel_sdk_custom_interfaces/share/dynamixel_sdk_custom_interfaces/msg/SyncSetPosition.idl
[4.660s] -- Installing: /home/artimonke/DynamixelSDK/install/dynamixel_sdk_custom_interfaces/share/dynamixel_sdk_custom_interfaces/srv/GetPosition.idl
[4.660s] -- Installing: /home/artimonke/DynamixelSDK/install/dynamixel_sdk_custom_interfaces/share/dynamixel_sdk_custom_interfaces/srv/BulkGetItem.idl
[4.660s] -- Installing: /home/artimonke/DynamixelSDK/install/dynamixel_sdk_custom_interfaces/share/dynamixel_sdk_custom_interfaces/srv/SyncGetPosition.idl
[4.660s] -- Installing: /home/artimonke/DynamixelSDK/install/dynamixel_sdk_custom_interfaces/share/dynamixel_sdk_custom_interfaces/msg/SetPosition.msg
[4.660s] -- Installing: /home/artimonke/DynamixelSDK/install/dynamixel_sdk_custom_interfaces/share/dynamixel_sdk_custom_interfaces/msg/BulkSetItem.msg
[4.660s] -- Installing: /home/artimonke/DynamixelSDK/install/dynamixel_sdk_custom_interfaces/share/dynamixel_sdk_custom_interfaces/msg/SyncSetPosition.msg
[4.660s] -- Installing: /home/artimonke/DynamixelSDK/install/dynamixel_sdk_custom_interfaces/share/dynamixel_sdk_custom_interfaces/srv/GetPosition.srv
[4.660s] -- Installing: /home/artimonke/DynamixelSDK/install/dynamixel_sdk_custom_interfaces/share/dynamixel_sdk_custom_interfaces/srv/GetPosition_Request.msg
[4.661s] -- Installing: /home/artimonke/DynamixelSDK/install/dynamixel_sdk_custom_interfaces/share/dynamixel_sdk_custom_interfaces/srv/GetPosition_Response.msg
[4.661s] -- Installing: /home/artimonke/DynamixelSDK/install/dynamixel_sdk_custom_interfaces/share/dynamixel_sdk_custom_interfaces/srv/BulkGetItem.srv
[4.661s] -- Installing: /home/artimonke/DynamixelSDK/install/dynamixel_sdk_custom_interfaces/share/dynamixel_sdk_custom_interfaces/srv/BulkGetItem_Request.msg
[4.661s] -- Installing: /home/artimonke/DynamixelSDK/install/dynamixel_sdk_custom_interfaces/share/dynamixel_sdk_custom_interfaces/srv/BulkGetItem_Response.msg
[4.661s] -- Installing: /home/artimonke/DynamixelSDK/install/dynamixel_sdk_custom_interfaces/share/dynamixel_sdk_custom_interfaces/srv/SyncGetPosition.srv
[4.661s] -- Installing: /home/artimonke/DynamixelSDK/install/dynamixel_sdk_custom_interfaces/share/dynamixel_sdk_custom_interfaces/srv/SyncGetPosition_Request.msg
[4.661s] -- Installing: /home/artimonke/DynamixelSDK/install/dynamixel_sdk_custom_interfaces/share/dynamixel_sdk_custom_interfaces/srv/SyncGetPosition_Response.msg
[4.661s] -- Installing: /home/artimonke/DynamixelSDK/install/dynamixel_sdk_custom_interfaces/share/ament_index/resource_index/package_run_dependencies/dynamixel_sdk_custom_interfaces
[4.661s] -- Installing: /home/artimonke/DynamixelSDK/install/dynamixel_sdk_custom_interfaces/share/ament_index/resource_index/parent_prefix_path/dynamixel_sdk_custom_interfaces
[4.661s] -- Installing: /home/artimonke/DynamixelSDK/install/dynamixel_sdk_custom_interfaces/share/dynamixel_sdk_custom_interfaces/environment/ament_prefix_path.sh
[4.661s] -- Installing: /home/artimonke/DynamixelSDK/install/dynamixel_sdk_custom_interfaces/share/dynamixel_sdk_custom_interfaces/environment/ament_prefix_path.dsv
[4.662s] -- Installing: /home/artimonke/DynamixelSDK/install/dynamixel_sdk_custom_interfaces/share/dynamixel_sdk_custom_interfaces/environment/path.sh
[4.662s] -- Installing: /home/artimonke/DynamixelSDK/install/dynamixel_sdk_custom_interfaces/share/dynamixel_sdk_custom_interfaces/environment/path.dsv
[4.662s] -- Installing: /home/artimonke/DynamixelSDK/install/dynamixel_sdk_custom_interfaces/share/dynamixel_sdk_custom_interfaces/local_setup.bash
[4.662s] -- Installing: /home/artimonke/DynamixelSDK/install/dynamixel_sdk_custom_interfaces/share/dynamixel_sdk_custom_interfaces/local_setup.sh
[4.662s] -- Installing: /home/artimonke/DynamixelSDK/install/dynamixel_sdk_custom_interfaces/share/dynamixel_sdk_custom_interfaces/local_setup.zsh
[4.662s] -- Installing: /home/artimonke/DynamixelSDK/install/dynamixel_sdk_custom_interfaces/share/dynamixel_sdk_custom_interfaces/local_setup.dsv
[4.662s] -- Installing: /home/artimonke/DynamixelSDK/install/dynamixel_sdk_custom_interfaces/share/dynamixel_sdk_custom_interfaces/package.dsv
[4.662s] -- Installing: /home/artimonke/DynamixelSDK/install/dynamixel_sdk_custom_interfaces/share/ament_index/resource_index/packages/dynamixel_sdk_custom_interfaces
[4.662s] -- Installing: /home/artimonke/DynamixelSDK/install/dynamixel_sdk_custom_interfaces/share/dynamixel_sdk_custom_interfaces/cmake/export_dynamixel_sdk_custom_interfaces__rosidl_generator_cExport.cmake
[4.662s] -- Installing: /home/artimonke/DynamixelSDK/install/dynamixel_sdk_custom_interfaces/share/dynamixel_sdk_custom_interfaces/cmake/export_dynamixel_sdk_custom_interfaces__rosidl_generator_cExport-noconfig.cmake
[4.663s] -- Installing: /home/artimonke/DynamixelSDK/install/dynamixel_sdk_custom_interfaces/share/dynamixel_sdk_custom_interfaces/cmake/export_dynamixel_sdk_custom_interfaces__rosidl_typesupport_fastrtps_cExport.cmake
[4.663s] -- Installing: /home/artimonke/DynamixelSDK/install/dynamixel_sdk_custom_interfaces/share/dynamixel_sdk_custom_interfaces/cmake/export_dynamixel_sdk_custom_interfaces__rosidl_typesupport_fastrtps_cExport-noconfig.cmake
[4.663s] -- Installing: /home/artimonke/DynamixelSDK/install/dynamixel_sdk_custom_interfaces/share/dynamixel_sdk_custom_interfaces/cmake/export_dynamixel_sdk_custom_interfaces__rosidl_generator_cppExport.cmake
[4.663s] -- Installing: /home/artimonke/DynamixelSDK/install/dynamixel_sdk_custom_interfaces/share/dynamixel_sdk_custom_interfaces/cmake/export_dynamixel_sdk_custom_interfaces__rosidl_typesupport_fastrtps_cppExport.cmake
[4.663s] -- Installing: /home/artimonke/DynamixelSDK/install/dynamixel_sdk_custom_interfaces/share/dynamixel_sdk_custom_interfaces/cmake/export_dynamixel_sdk_custom_interfaces__rosidl_typesupport_fastrtps_cppExport-noconfig.cmake
[4.663s] -- Installing: /home/artimonke/DynamixelSDK/install/dynamixel_sdk_custom_interfaces/share/dynamixel_sdk_custom_interfaces/cmake/dynamixel_sdk_custom_interfaces__rosidl_typesupport_introspection_cExport.cmake
[4.663s] -- Installing: /home/artimonke/DynamixelSDK/install/dynamixel_sdk_custom_interfaces/share/dynamixel_sdk_custom_interfaces/cmake/dynamixel_sdk_custom_interfaces__rosidl_typesupport_introspection_cExport-noconfig.cmake
[4.663s] -- Installing: /home/artimonke/DynamixelSDK/install/dynamixel_sdk_custom_interfaces/share/dynamixel_sdk_custom_interfaces/cmake/dynamixel_sdk_custom_interfaces__rosidl_typesupport_cExport.cmake
[4.663s] -- Installing: /home/artimonke/DynamixelSDK/install/dynamixel_sdk_custom_interfaces/share/dynamixel_sdk_custom_interfaces/cmake/dynamixel_sdk_custom_interfaces__rosidl_typesupport_cExport-noconfig.cmake
[4.663s] -- Installing: /home/artimonke/DynamixelSDK/install/dynamixel_sdk_custom_interfaces/share/dynamixel_sdk_custom_interfaces/cmake/dynamixel_sdk_custom_interfaces__rosidl_typesupport_introspection_cppExport.cmake
[4.664s] -- Installing: /home/artimonke/DynamixelSDK/install/dynamixel_sdk_custom_interfaces/share/dynamixel_sdk_custom_interfaces/cmake/dynamixel_sdk_custom_interfaces__rosidl_typesupport_introspection_cppExport-noconfig.cmake
[4.664s] -- Installing: /home/artimonke/DynamixelSDK/install/dynamixel_sdk_custom_interfaces/share/dynamixel_sdk_custom_interfaces/cmake/dynamixel_sdk_custom_interfaces__rosidl_typesupport_cppExport.cmake
[4.664s] -- Installing: /home/artimonke/DynamixelSDK/install/dynamixel_sdk_custom_interfaces/share/dynamixel_sdk_custom_interfaces/cmake/dynamixel_sdk_custom_interfaces__rosidl_typesupport_cppExport-noconfig.cmake
[4.664s] -- Installing: /home/artimonke/DynamixelSDK/install/dynamixel_sdk_custom_interfaces/share/dynamixel_sdk_custom_interfaces/cmake/export_dynamixel_sdk_custom_interfaces__rosidl_generator_pyExport.cmake
[4.664s] -- Installing: /home/artimonke/DynamixelSDK/install/dynamixel_sdk_custom_interfaces/share/dynamixel_sdk_custom_interfaces/cmake/export_dynamixel_sdk_custom_interfaces__rosidl_generator_pyExport-noconfig.cmake
[4.664s] -- Installing: /home/artimonke/DynamixelSDK/install/dynamixel_sdk_custom_interfaces/share/dynamixel_sdk_custom_interfaces/cmake/rosidl_cmake-extras.cmake
[4.664s] -- Installing: /home/artimonke/DynamixelSDK/install/dynamixel_sdk_custom_interfaces/share/dynamixel_sdk_custom_interfaces/cmake/ament_cmake_export_dependencies-extras.cmake
[4.664s] -- Installing: /home/artimonke/DynamixelSDK/install/dynamixel_sdk_custom_interfaces/share/dynamixel_sdk_custom_interfaces/cmake/ament_cmake_export_include_directories-extras.cmake
[4.664s] -- Installing: /home/artimonke/DynamixelSDK/install/dynamixel_sdk_custom_interfaces/share/dynamixel_sdk_custom_interfaces/cmake/ament_cmake_export_libraries-extras.cmake
[4.664s] -- Installing: /home/artimonke/DynamixelSDK/install/dynamixel_sdk_custom_interfaces/share/dynamixel_sdk_custom_interfaces/cmake/ament_cmake_export_targets-extras.cmake
[4.665s] -- Installing: /home/artimonke/DynamixelSDK/install/dynamixel_sdk_custom_interfaces/share/dynamixel_sdk_custom_interfaces/cmake/rosidl_cmake_export_typesupport_targets-extras.cmake
[4.665s] -- Installing: /home/artimonke/DynamixelSDK/install/dynamixel_sdk_custom_interfaces/share/dynamixel_sdk_custom_interfaces/cmake/rosidl_cmake_export_typesupport_libraries-extras.cmake
[4.665s] -- Installing: /home/artimonke/DynamixelSDK/install/dynamixel_sdk_custom_interfaces/share/dynamixel_sdk_custom_interfaces/cmake/dynamixel_sdk_custom_interfacesConfig.cmake
[4.665s] -- Installing: /home/artimonke/DynamixelSDK/install/dynamixel_sdk_custom_interfaces/share/dynamixel_sdk_custom_interfaces/cmake/dynamixel_sdk_custom_interfacesConfig-version.cmake
[4.665s] -- Installing: /home/artimonke/DynamixelSDK/install/dynamixel_sdk_custom_interfaces/share/dynamixel_sdk_custom_interfaces/package.xml
[4.672s] Invoked command in '/home/artimonke/DynamixelSDK/build/dynamixel_sdk_custom_interfaces' returned '0': CMAKE_PREFIX_PATH=/opt/ros/humble /usr/bin/cmake --install /home/artimonke/DynamixelSDK/build/dynamixel_sdk_custom_interfaces
