[0.318s] DEBUG:colcon:Command line arguments: ['/home/artimonke/.local/bin/colcon', 'build']
[0.318s] DEBUG:colcon:Parsed command line arguments: Namespace(log_base=None, log_level=None, verb_name='build', build_base='build', install_base='install', merge_install=False, symlink_install=False, test_result_base=None, continue_on_error=False, executor='parallel', parallel_workers=8, event_handlers=None, ignore_user_meta=False, metas=['./colcon.meta'], base_paths=['.'], packages_ignore=None, packages_ignore_regex=None, paths=None, packages_up_to=None, packages_up_to_regex=None, packages_above=None, packages_above_and_dependencies=None, packages_above_depth=None, packages_select_by_dep=None, packages_skip_by_dep=None, packages_skip_up_to=None, packages_select_build_failed=False, packages_skip_build_finished=False, packages_select_test_failures=False, packages_skip_test_passed=False, packages_select=None, packages_skip=None, packages_select_regex=None, packages_skip_regex=None, packages_start=None, packages_end=None, allow_overriding=[], cmake_args=None, cmake_target=None, cmake_target_skip_unavailable=False, cmake_clean_cache=False, cmake_clean_first=False, cmake_force_configure=False, ament_cmake_args=None, catkin_cmake_args=None, catkin_skip_building_tests=False, verb_parser=<colcon_defaults.argument_parser.defaults.DefaultArgumentsDecorator object at 0x7f00abe36da0>, verb_extension=<colcon_core.verb.build.BuildVerb object at 0x7f00abff8820>, main=<bound method BuildVerb.main of <colcon_core.verb.build.BuildVerb object at 0x7f00abff8820>>)
[0.351s] Level 1:colcon.colcon_core.package_discovery:discover_packages(colcon_meta) check parameters
[0.351s] Level 1:colcon.colcon_core.package_discovery:discover_packages(recursive) check parameters
[0.351s] Level 1:colcon.colcon_core.package_discovery:discover_packages(ignore) check parameters
[0.351s] Level 1:colcon.colcon_core.package_discovery:discover_packages(path) check parameters
[0.351s] Level 1:colcon.colcon_core.package_discovery:discover_packages(colcon_meta) discover
[0.351s] Level 1:colcon.colcon_core.package_discovery:discover_packages(recursive) discover
[0.351s] INFO:colcon.colcon_core.package_discovery:Crawling recursively for packages in '/home/artimonke/DynamixelSDK'
[0.351s] Level 1:colcon.colcon_core.package_identification:_identify(.) by extensions ['ignore', 'ignore_ament_install']
[0.351s] Level 1:colcon.colcon_core.package_identification:_identify(.) by extension 'ignore'
[0.351s] Level 1:colcon.colcon_core.package_identification:_identify(.) by extension 'ignore_ament_install'
[0.351s] Level 1:colcon.colcon_core.package_identification:_identify(.) by extensions ['colcon_pkg']
[0.352s] Level 1:colcon.colcon_core.package_identification:_identify(.) by extension 'colcon_pkg'
[0.352s] Level 1:colcon.colcon_core.package_identification:_identify(.) by extensions ['colcon_meta']
[0.352s] Level 1:colcon.colcon_core.package_identification:_identify(.) by extension 'colcon_meta'
[0.352s] Level 1:colcon.colcon_core.package_identification:_identify(.) by extensions ['ros']
[0.352s] Level 1:colcon.colcon_core.package_identification:_identify(.) by extension 'ros'
[0.363s] Level 1:colcon.colcon_core.package_identification:_identify(.) by extensions ['cmake', 'python']
[0.363s] Level 1:colcon.colcon_core.package_identification:_identify(.) by extension 'cmake'
[0.363s] Level 1:colcon.colcon_core.package_identification:_identify(.) by extension 'python'
[0.363s] Level 1:colcon.colcon_core.package_identification:_identify(.) by extensions ['python_setup_py']
[0.363s] Level 1:colcon.colcon_core.package_identification:_identify(.) by extension 'python_setup_py'
[0.363s] Level 1:colcon.colcon_core.package_identification:_identify(build) by extensions ['ignore', 'ignore_ament_install']
[0.364s] Level 1:colcon.colcon_core.package_identification:_identify(build) by extension 'ignore'
[0.364s] Level 1:colcon.colcon_core.package_identification:_identify(build) ignored
[0.364s] Level 1:colcon.colcon_core.package_identification:_identify(c++) by extensions ['ignore', 'ignore_ament_install']
[0.364s] Level 1:colcon.colcon_core.package_identification:_identify(c++) by extension 'ignore'
[0.364s] Level 1:colcon.colcon_core.package_identification:_identify(c++) by extension 'ignore_ament_install'
[0.364s] Level 1:colcon.colcon_core.package_identification:_identify(c++) by extensions ['colcon_pkg']
[0.364s] Level 1:colcon.colcon_core.package_identification:_identify(c++) by extension 'colcon_pkg'
[0.364s] Level 1:colcon.colcon_core.package_identification:_identify(c++) by extensions ['colcon_meta']
[0.364s] Level 1:colcon.colcon_core.package_identification:_identify(c++) by extension 'colcon_meta'
[0.364s] Level 1:colcon.colcon_core.package_identification:_identify(c++) by extensions ['ros']
[0.364s] Level 1:colcon.colcon_core.package_identification:_identify(c++) by extension 'ros'
[0.364s] Level 1:colcon.colcon_core.package_identification:_identify(c++) by extensions ['cmake', 'python']
[0.364s] Level 1:colcon.colcon_core.package_identification:_identify(c++) by extension 'cmake'
[0.364s] Level 1:colcon.colcon_core.package_identification:_identify(c++) by extension 'python'
[0.364s] Level 1:colcon.colcon_core.package_identification:_identify(c++) by extensions ['python_setup_py']
[0.364s] Level 1:colcon.colcon_core.package_identification:_identify(c++) by extension 'python_setup_py'
[0.364s] Level 1:colcon.colcon_core.package_identification:_identify(c++/build) by extensions ['ignore', 'ignore_ament_install']
[0.364s] Level 1:colcon.colcon_core.package_identification:_identify(c++/build) by extension 'ignore'
[0.364s] Level 1:colcon.colcon_core.package_identification:_identify(c++/build) by extension 'ignore_ament_install'
[0.364s] Level 1:colcon.colcon_core.package_identification:_identify(c++/build) by extensions ['colcon_pkg']
[0.364s] Level 1:colcon.colcon_core.package_identification:_identify(c++/build) by extension 'colcon_pkg'
[0.364s] Level 1:colcon.colcon_core.package_identification:_identify(c++/build) by extensions ['colcon_meta']
[0.364s] Level 1:colcon.colcon_core.package_identification:_identify(c++/build) by extension 'colcon_meta'
[0.365s] Level 1:colcon.colcon_core.package_identification:_identify(c++/build) by extensions ['ros']
[0.365s] Level 1:colcon.colcon_core.package_identification:_identify(c++/build) by extension 'ros'
[0.365s] Level 1:colcon.colcon_core.package_identification:_identify(c++/build) by extensions ['cmake', 'python']
[0.365s] Level 1:colcon.colcon_core.package_identification:_identify(c++/build) by extension 'cmake'
[0.365s] Level 1:colcon.colcon_core.package_identification:_identify(c++/build) by extension 'python'
[0.365s] Level 1:colcon.colcon_core.package_identification:_identify(c++/build) by extensions ['python_setup_py']
[0.365s] Level 1:colcon.colcon_core.package_identification:_identify(c++/build) by extension 'python_setup_py'
[0.365s] Level 1:colcon.colcon_core.package_identification:_identify(c++/build/linux64) by extensions ['ignore', 'ignore_ament_install']
[0.365s] Level 1:colcon.colcon_core.package_identification:_identify(c++/build/linux64) by extension 'ignore'
[0.365s] Level 1:colcon.colcon_core.package_identification:_identify(c++/build/linux64) by extension 'ignore_ament_install'
[0.365s] Level 1:colcon.colcon_core.package_identification:_identify(c++/build/linux64) by extensions ['colcon_pkg']
[0.365s] Level 1:colcon.colcon_core.package_identification:_identify(c++/build/linux64) by extension 'colcon_pkg'
[0.365s] Level 1:colcon.colcon_core.package_identification:_identify(c++/build/linux64) by extensions ['colcon_meta']
[0.365s] Level 1:colcon.colcon_core.package_identification:_identify(c++/build/linux64) by extension 'colcon_meta'
[0.365s] Level 1:colcon.colcon_core.package_identification:_identify(c++/build/linux64) by extensions ['ros']
[0.365s] Level 1:colcon.colcon_core.package_identification:_identify(c++/build/linux64) by extension 'ros'
[0.365s] Level 1:colcon.colcon_core.package_identification:_identify(c++/build/linux64) by extensions ['cmake', 'python']
[0.365s] Level 1:colcon.colcon_core.package_identification:_identify(c++/build/linux64) by extension 'cmake'
[0.365s] Level 1:colcon.colcon_core.package_identification:_identify(c++/build/linux64) by extension 'python'
[0.365s] Level 1:colcon.colcon_core.package_identification:_identify(c++/build/linux64) by extensions ['python_setup_py']
[0.365s] Level 1:colcon.colcon_core.package_identification:_identify(c++/build/linux64) by extension 'python_setup_py'
[0.365s] Level 1:colcon.colcon_core.package_identification:_identify(c++/example) by extensions ['ignore', 'ignore_ament_install']
[0.365s] Level 1:colcon.colcon_core.package_identification:_identify(c++/example) by extension 'ignore'
[0.365s] Level 1:colcon.colcon_core.package_identification:_identify(c++/example) by extension 'ignore_ament_install'
[0.366s] Level 1:colcon.colcon_core.package_identification:_identify(c++/example) by extensions ['colcon_pkg']
[0.366s] Level 1:colcon.colcon_core.package_identification:_identify(c++/example) by extension 'colcon_pkg'
[0.366s] Level 1:colcon.colcon_core.package_identification:_identify(c++/example) by extensions ['colcon_meta']
[0.366s] Level 1:colcon.colcon_core.package_identification:_identify(c++/example) by extension 'colcon_meta'
[0.366s] Level 1:colcon.colcon_core.package_identification:_identify(c++/example) by extensions ['ros']
[0.366s] Level 1:colcon.colcon_core.package_identification:_identify(c++/example) by extension 'ros'
[0.366s] Level 1:colcon.colcon_core.package_identification:_identify(c++/example) by extensions ['cmake', 'python']
[0.366s] Level 1:colcon.colcon_core.package_identification:_identify(c++/example) by extension 'cmake'
[0.366s] Level 1:colcon.colcon_core.package_identification:_identify(c++/example) by extension 'python'
[0.366s] Level 1:colcon.colcon_core.package_identification:_identify(c++/example) by extensions ['python_setup_py']
[0.366s] Level 1:colcon.colcon_core.package_identification:_identify(c++/example) by extension 'python_setup_py'
[0.366s] Level 1:colcon.colcon_core.package_identification:_identify(c++/example/protocol2.0) by extensions ['ignore', 'ignore_ament_install']
[0.366s] Level 1:colcon.colcon_core.package_identification:_identify(c++/example/protocol2.0) by extension 'ignore'
[0.366s] Level 1:colcon.colcon_core.package_identification:_identify(c++/example/protocol2.0) by extension 'ignore_ament_install'
[0.366s] Level 1:colcon.colcon_core.package_identification:_identify(c++/example/protocol2.0) by extensions ['colcon_pkg']
[0.366s] Level 1:colcon.colcon_core.package_identification:_identify(c++/example/protocol2.0) by extension 'colcon_pkg'
[0.366s] Level 1:colcon.colcon_core.package_identification:_identify(c++/example/protocol2.0) by extensions ['colcon_meta']
[0.366s] Level 1:colcon.colcon_core.package_identification:_identify(c++/example/protocol2.0) by extension 'colcon_meta'
[0.366s] Level 1:colcon.colcon_core.package_identification:_identify(c++/example/protocol2.0) by extensions ['ros']
[0.366s] Level 1:colcon.colcon_core.package_identification:_identify(c++/example/protocol2.0) by extension 'ros'
[0.366s] Level 1:colcon.colcon_core.package_identification:_identify(c++/example/protocol2.0) by extensions ['cmake', 'python']
[0.366s] Level 1:colcon.colcon_core.package_identification:_identify(c++/example/protocol2.0) by extension 'cmake'
[0.366s] Level 1:colcon.colcon_core.package_identification:_identify(c++/example/protocol2.0) by extension 'python'
[0.366s] Level 1:colcon.colcon_core.package_identification:_identify(c++/example/protocol2.0) by extensions ['python_setup_py']
[0.366s] Level 1:colcon.colcon_core.package_identification:_identify(c++/example/protocol2.0) by extension 'python_setup_py'
[0.367s] Level 1:colcon.colcon_core.package_identification:_identify(c++/example/protocol2.0/read_write) by extensions ['ignore', 'ignore_ament_install']
[0.367s] Level 1:colcon.colcon_core.package_identification:_identify(c++/example/protocol2.0/read_write) by extension 'ignore'
[0.367s] Level 1:colcon.colcon_core.package_identification:_identify(c++/example/protocol2.0/read_write) by extension 'ignore_ament_install'
[0.367s] Level 1:colcon.colcon_core.package_identification:_identify(c++/example/protocol2.0/read_write) by extensions ['colcon_pkg']
[0.367s] Level 1:colcon.colcon_core.package_identification:_identify(c++/example/protocol2.0/read_write) by extension 'colcon_pkg'
[0.367s] Level 1:colcon.colcon_core.package_identification:_identify(c++/example/protocol2.0/read_write) by extensions ['colcon_meta']
[0.367s] Level 1:colcon.colcon_core.package_identification:_identify(c++/example/protocol2.0/read_write) by extension 'colcon_meta'
[0.367s] Level 1:colcon.colcon_core.package_identification:_identify(c++/example/protocol2.0/read_write) by extensions ['ros']
[0.367s] Level 1:colcon.colcon_core.package_identification:_identify(c++/example/protocol2.0/read_write) by extension 'ros'
[0.367s] Level 1:colcon.colcon_core.package_identification:_identify(c++/example/protocol2.0/read_write) by extensions ['cmake', 'python']
[0.367s] Level 1:colcon.colcon_core.package_identification:_identify(c++/example/protocol2.0/read_write) by extension 'cmake'
[0.367s] Level 1:colcon.colcon_core.package_identification:_identify(c++/example/protocol2.0/read_write) by extension 'python'
[0.367s] Level 1:colcon.colcon_core.package_identification:_identify(c++/example/protocol2.0/read_write) by extensions ['python_setup_py']
[0.367s] Level 1:colcon.colcon_core.package_identification:_identify(c++/example/protocol2.0/read_write) by extension 'python_setup_py'
[0.367s] Level 1:colcon.colcon_core.package_identification:_identify(c++/example/protocol2.0/read_write/linux64) by extensions ['ignore', 'ignore_ament_install']
[0.367s] Level 1:colcon.colcon_core.package_identification:_identify(c++/example/protocol2.0/read_write/linux64) by extension 'ignore'
[0.367s] Level 1:colcon.colcon_core.package_identification:_identify(c++/example/protocol2.0/read_write/linux64) by extension 'ignore_ament_install'
[0.367s] Level 1:colcon.colcon_core.package_identification:_identify(c++/example/protocol2.0/read_write/linux64) by extensions ['colcon_pkg']
[0.367s] Level 1:colcon.colcon_core.package_identification:_identify(c++/example/protocol2.0/read_write/linux64) by extension 'colcon_pkg'
[0.367s] Level 1:colcon.colcon_core.package_identification:_identify(c++/example/protocol2.0/read_write/linux64) by extensions ['colcon_meta']
[0.367s] Level 1:colcon.colcon_core.package_identification:_identify(c++/example/protocol2.0/read_write/linux64) by extension 'colcon_meta'
[0.367s] Level 1:colcon.colcon_core.package_identification:_identify(c++/example/protocol2.0/read_write/linux64) by extensions ['ros']
[0.367s] Level 1:colcon.colcon_core.package_identification:_identify(c++/example/protocol2.0/read_write/linux64) by extension 'ros'
[0.368s] Level 1:colcon.colcon_core.package_identification:_identify(c++/example/protocol2.0/read_write/linux64) by extensions ['cmake', 'python']
[0.368s] Level 1:colcon.colcon_core.package_identification:_identify(c++/example/protocol2.0/read_write/linux64) by extension 'cmake'
[0.368s] Level 1:colcon.colcon_core.package_identification:_identify(c++/example/protocol2.0/read_write/linux64) by extension 'python'
[0.368s] Level 1:colcon.colcon_core.package_identification:_identify(c++/example/protocol2.0/read_write/linux64) by extensions ['python_setup_py']
[0.368s] Level 1:colcon.colcon_core.package_identification:_identify(c++/example/protocol2.0/read_write/linux64) by extension 'python_setup_py'
[0.368s] Level 1:colcon.colcon_core.package_identification:_identify(dynamixel_sdk) by extensions ['ignore', 'ignore_ament_install']
[0.368s] Level 1:colcon.colcon_core.package_identification:_identify(dynamixel_sdk) by extension 'ignore'
[0.368s] Level 1:colcon.colcon_core.package_identification:_identify(dynamixel_sdk) by extension 'ignore_ament_install'
[0.368s] Level 1:colcon.colcon_core.package_identification:_identify(dynamixel_sdk) by extensions ['colcon_pkg']
[0.368s] Level 1:colcon.colcon_core.package_identification:_identify(dynamixel_sdk) by extension 'colcon_pkg'
[0.368s] Level 1:colcon.colcon_core.package_identification:_identify(dynamixel_sdk) by extensions ['colcon_meta']
[0.368s] Level 1:colcon.colcon_core.package_identification:_identify(dynamixel_sdk) by extension 'colcon_meta'
[0.368s] Level 1:colcon.colcon_core.package_identification:_identify(dynamixel_sdk) by extensions ['ros']
[0.368s] Level 1:colcon.colcon_core.package_identification:_identify(dynamixel_sdk) by extension 'ros'
[0.370s] DEBUG:colcon.colcon_core.package_identification:Package 'dynamixel_sdk' with type 'ros.ament_cmake' and name 'dynamixel_sdk'
[0.370s] Level 1:colcon.colcon_core.package_identification:_identify(dynamixel_sdk_custom_interfaces) by extensions ['ignore', 'ignore_ament_install']
[0.370s] Level 1:colcon.colcon_core.package_identification:_identify(dynamixel_sdk_custom_interfaces) by extension 'ignore'
[0.370s] Level 1:colcon.colcon_core.package_identification:_identify(dynamixel_sdk_custom_interfaces) by extension 'ignore_ament_install'
[0.370s] Level 1:colcon.colcon_core.package_identification:_identify(dynamixel_sdk_custom_interfaces) by extensions ['colcon_pkg']
[0.370s] Level 1:colcon.colcon_core.package_identification:_identify(dynamixel_sdk_custom_interfaces) by extension 'colcon_pkg'
[0.370s] Level 1:colcon.colcon_core.package_identification:_identify(dynamixel_sdk_custom_interfaces) by extensions ['colcon_meta']
[0.370s] Level 1:colcon.colcon_core.package_identification:_identify(dynamixel_sdk_custom_interfaces) by extension 'colcon_meta'
[0.370s] Level 1:colcon.colcon_core.package_identification:_identify(dynamixel_sdk_custom_interfaces) by extensions ['ros']
[0.370s] Level 1:colcon.colcon_core.package_identification:_identify(dynamixel_sdk_custom_interfaces) by extension 'ros'
[0.371s] DEBUG:colcon.colcon_core.package_identification:Package 'dynamixel_sdk_custom_interfaces' with type 'ros.ament_cmake' and name 'dynamixel_sdk_custom_interfaces'
[0.371s] Level 1:colcon.colcon_core.package_identification:_identify(dynamixel_sdk_examples) by extensions ['ignore', 'ignore_ament_install']
[0.371s] Level 1:colcon.colcon_core.package_identification:_identify(dynamixel_sdk_examples) by extension 'ignore'
[0.371s] Level 1:colcon.colcon_core.package_identification:_identify(dynamixel_sdk_examples) by extension 'ignore_ament_install'
[0.371s] Level 1:colcon.colcon_core.package_identification:_identify(dynamixel_sdk_examples) by extensions ['colcon_pkg']
[0.371s] Level 1:colcon.colcon_core.package_identification:_identify(dynamixel_sdk_examples) by extension 'colcon_pkg'
[0.371s] Level 1:colcon.colcon_core.package_identification:_identify(dynamixel_sdk_examples) by extensions ['colcon_meta']
[0.371s] Level 1:colcon.colcon_core.package_identification:_identify(dynamixel_sdk_examples) by extension 'colcon_meta'
[0.371s] Level 1:colcon.colcon_core.package_identification:_identify(dynamixel_sdk_examples) by extensions ['ros']
[0.371s] Level 1:colcon.colcon_core.package_identification:_identify(dynamixel_sdk_examples) by extension 'ros'
[0.372s] DEBUG:colcon.colcon_core.package_identification:Package 'dynamixel_sdk_examples' with type 'ros.ament_cmake' and name 'dynamixel_sdk_examples'
[0.372s] Level 1:colcon.colcon_core.package_identification:_identify(install) by extensions ['ignore', 'ignore_ament_install']
[0.372s] Level 1:colcon.colcon_core.package_identification:_identify(install) by extension 'ignore'
[0.372s] Level 1:colcon.colcon_core.package_identification:_identify(install) ignored
[0.372s] Level 1:colcon.colcon_core.package_identification:_identify(log) by extensions ['ignore', 'ignore_ament_install']
[0.372s] Level 1:colcon.colcon_core.package_identification:_identify(log) by extension 'ignore'
[0.372s] Level 1:colcon.colcon_core.package_identification:_identify(log) ignored
[0.372s] Level 1:colcon.colcon_core.package_discovery:discover_packages(recursive) using defaults
[0.372s] Level 1:colcon.colcon_core.package_discovery:discover_packages(ignore) discover
[0.372s] Level 1:colcon.colcon_core.package_discovery:discover_packages(ignore) using defaults
[0.372s] Level 1:colcon.colcon_core.package_discovery:discover_packages(path) discover
[0.372s] Level 1:colcon.colcon_core.package_discovery:discover_packages(path) using defaults
[0.401s] Level 1:colcon.colcon_core.package_discovery:discover_packages(prefix_path) check parameters
[0.401s] Level 1:colcon.colcon_core.package_discovery:discover_packages(prefix_path) discover
[0.412s] DEBUG:colcon.colcon_installed_package_information.package_discovery:Found 277 installed packages in /opt/ros/humble
[0.424s] Level 1:colcon.colcon_core.package_discovery:discover_packages(prefix_path) using defaults
[0.465s] Level 5:colcon.colcon_core.verb:set package 'dynamixel_sdk' build argument 'cmake_args' from command line to 'None'
[0.465s] Level 5:colcon.colcon_core.verb:set package 'dynamixel_sdk' build argument 'cmake_target' from command line to 'None'
[0.465s] Level 5:colcon.colcon_core.verb:set package 'dynamixel_sdk' build argument 'cmake_target_skip_unavailable' from command line to 'False'
[0.465s] Level 5:colcon.colcon_core.verb:set package 'dynamixel_sdk' build argument 'cmake_clean_cache' from command line to 'False'
[0.465s] Level 5:colcon.colcon_core.verb:set package 'dynamixel_sdk' build argument 'cmake_clean_first' from command line to 'False'
[0.465s] Level 5:colcon.colcon_core.verb:set package 'dynamixel_sdk' build argument 'cmake_force_configure' from command line to 'False'
[0.465s] Level 5:colcon.colcon_core.verb:set package 'dynamixel_sdk' build argument 'ament_cmake_args' from command line to 'None'
[0.465s] Level 5:colcon.colcon_core.verb:set package 'dynamixel_sdk' build argument 'catkin_cmake_args' from command line to 'None'
[0.465s] Level 5:colcon.colcon_core.verb:set package 'dynamixel_sdk' build argument 'catkin_skip_building_tests' from command line to 'False'
[0.465s] DEBUG:colcon.colcon_core.verb:Building package 'dynamixel_sdk' with the following arguments: {'ament_cmake_args': None, 'build_base': '/home/artimonke/DynamixelSDK/build/dynamixel_sdk', 'catkin_cmake_args': None, 'catkin_skip_building_tests': False, 'cmake_args': None, 'cmake_clean_cache': False, 'cmake_clean_first': False, 'cmake_force_configure': False, 'cmake_target': None, 'cmake_target_skip_unavailable': False, 'install_base': '/home/artimonke/DynamixelSDK/install/dynamixel_sdk', 'merge_install': False, 'path': '/home/artimonke/DynamixelSDK/dynamixel_sdk', 'symlink_install': False, 'test_result_base': None}
[0.470s] Level 5:colcon.colcon_core.verb:set package 'dynamixel_sdk_custom_interfaces' build argument 'cmake_args' from command line to 'None'
[0.471s] Level 5:colcon.colcon_core.verb:set package 'dynamixel_sdk_custom_interfaces' build argument 'cmake_target' from command line to 'None'
[0.471s] Level 5:colcon.colcon_core.verb:set package 'dynamixel_sdk_custom_interfaces' build argument 'cmake_target_skip_unavailable' from command line to 'False'
[0.471s] Level 5:colcon.colcon_core.verb:set package 'dynamixel_sdk_custom_interfaces' build argument 'cmake_clean_cache' from command line to 'False'
[0.471s] Level 5:colcon.colcon_core.verb:set package 'dynamixel_sdk_custom_interfaces' build argument 'cmake_clean_first' from command line to 'False'
[0.471s] Level 5:colcon.colcon_core.verb:set package 'dynamixel_sdk_custom_interfaces' build argument 'cmake_force_configure' from command line to 'False'
[0.471s] Level 5:colcon.colcon_core.verb:set package 'dynamixel_sdk_custom_interfaces' build argument 'ament_cmake_args' from command line to 'None'
[0.471s] Level 5:colcon.colcon_core.verb:set package 'dynamixel_sdk_custom_interfaces' build argument 'catkin_cmake_args' from command line to 'None'
[0.471s] Level 5:colcon.colcon_core.verb:set package 'dynamixel_sdk_custom_interfaces' build argument 'catkin_skip_building_tests' from command line to 'False'
[0.471s] DEBUG:colcon.colcon_core.verb:Building package 'dynamixel_sdk_custom_interfaces' with the following arguments: {'ament_cmake_args': None, 'build_base': '/home/artimonke/DynamixelSDK/build/dynamixel_sdk_custom_interfaces', 'catkin_cmake_args': None, 'catkin_skip_building_tests': False, 'cmake_args': None, 'cmake_clean_cache': False, 'cmake_clean_first': False, 'cmake_force_configure': False, 'cmake_target': None, 'cmake_target_skip_unavailable': False, 'install_base': '/home/artimonke/DynamixelSDK/install/dynamixel_sdk_custom_interfaces', 'merge_install': False, 'path': '/home/artimonke/DynamixelSDK/dynamixel_sdk_custom_interfaces', 'symlink_install': False, 'test_result_base': None}
[0.476s] Level 5:colcon.colcon_core.verb:set package 'dynamixel_sdk_examples' build argument 'cmake_args' from command line to 'None'
[0.476s] Level 5:colcon.colcon_core.verb:set package 'dynamixel_sdk_examples' build argument 'cmake_target' from command line to 'None'
[0.476s] Level 5:colcon.colcon_core.verb:set package 'dynamixel_sdk_examples' build argument 'cmake_target_skip_unavailable' from command line to 'False'
[0.476s] Level 5:colcon.colcon_core.verb:set package 'dynamixel_sdk_examples' build argument 'cmake_clean_cache' from command line to 'False'
[0.476s] Level 5:colcon.colcon_core.verb:set package 'dynamixel_sdk_examples' build argument 'cmake_clean_first' from command line to 'False'
[0.476s] Level 5:colcon.colcon_core.verb:set package 'dynamixel_sdk_examples' build argument 'cmake_force_configure' from command line to 'False'
[0.476s] Level 5:colcon.colcon_core.verb:set package 'dynamixel_sdk_examples' build argument 'ament_cmake_args' from command line to 'None'
[0.476s] Level 5:colcon.colcon_core.verb:set package 'dynamixel_sdk_examples' build argument 'catkin_cmake_args' from command line to 'None'
[0.476s] Level 5:colcon.colcon_core.verb:set package 'dynamixel_sdk_examples' build argument 'catkin_skip_building_tests' from command line to 'False'
[0.476s] DEBUG:colcon.colcon_core.verb:Building package 'dynamixel_sdk_examples' with the following arguments: {'ament_cmake_args': None, 'build_base': '/home/artimonke/DynamixelSDK/build/dynamixel_sdk_examples', 'catkin_cmake_args': None, 'catkin_skip_building_tests': False, 'cmake_args': None, 'cmake_clean_cache': False, 'cmake_clean_first': False, 'cmake_force_configure': False, 'cmake_target': None, 'cmake_target_skip_unavailable': False, 'install_base': '/home/artimonke/DynamixelSDK/install/dynamixel_sdk_examples', 'merge_install': False, 'path': '/home/artimonke/DynamixelSDK/dynamixel_sdk_examples', 'symlink_install': False, 'test_result_base': None}
[0.478s] INFO:colcon.colcon_core.executor:Executing jobs using 'parallel' executor
[0.486s] DEBUG:colcon.colcon_parallel_executor.executor.parallel:run_until_complete
[0.486s] INFO:colcon.colcon_ros.task.ament_cmake.build:Building ROS package in '/home/artimonke/DynamixelSDK/dynamixel_sdk' with build type 'ament_cmake'
[0.486s] INFO:colcon.colcon_cmake.task.cmake.build:Building CMake package in '/home/artimonke/DynamixelSDK/dynamixel_sdk'
[0.491s] INFO:colcon.colcon_core.plugin_system:Skipping extension 'colcon_core.shell.bat': Not used on non-Windows systems
[0.491s] INFO:colcon.colcon_core.shell:Skip shell extension 'powershell' for command environment: Not usable outside of PowerShell
[0.491s] DEBUG:colcon.colcon_core.shell:Skip shell extension 'dsv' for command environment
[0.499s] INFO:colcon.colcon_ros.task.ament_cmake.build:Building ROS package in '/home/artimonke/DynamixelSDK/dynamixel_sdk_custom_interfaces' with build type 'ament_cmake'
[0.499s] INFO:colcon.colcon_cmake.task.cmake.build:Building CMake package in '/home/artimonke/DynamixelSDK/dynamixel_sdk_custom_interfaces'
[0.502s] INFO:colcon.colcon_core.shell:Skip shell extension 'powershell' for command environment: Not usable outside of PowerShell
[0.502s] DEBUG:colcon.colcon_core.shell:Skip shell extension 'dsv' for command environment
[0.513s] DEBUG:colcon.colcon_core.event_handler.log_command:Invoking command in '/home/artimonke/DynamixelSDK/build/dynamixel_sdk': CMAKE_PREFIX_PATH=/opt/ros/humble /usr/bin/cmake --build /home/artimonke/DynamixelSDK/build/dynamixel_sdk -- -j8 -l8
[0.516s] DEBUG:colcon.colcon_core.event_handler.log_command:Invoking command in '/home/artimonke/DynamixelSDK/build/dynamixel_sdk_custom_interfaces': CMAKE_PREFIX_PATH=/opt/ros/humble /usr/bin/cmake /home/artimonke/DynamixelSDK/dynamixel_sdk_custom_interfaces -DCMAKE_INSTALL_PREFIX=/home/artimonke/DynamixelSDK/install/dynamixel_sdk_custom_interfaces
[0.539s] DEBUG:colcon.colcon_core.event_handler.log_command:Invoked command in '/home/artimonke/DynamixelSDK/build/dynamixel_sdk' returned '0': CMAKE_PREFIX_PATH=/opt/ros/humble /usr/bin/cmake --build /home/artimonke/DynamixelSDK/build/dynamixel_sdk -- -j8 -l8
[0.561s] DEBUG:colcon.colcon_core.event_handler.log_command:Invoking command in '/home/artimonke/DynamixelSDK/build/dynamixel_sdk': CMAKE_PREFIX_PATH=/opt/ros/humble /usr/bin/cmake --install /home/artimonke/DynamixelSDK/build/dynamixel_sdk
[0.567s] Level 1:colcon.colcon_core.environment:create_environment_scripts_only(dynamixel_sdk)
[0.568s] DEBUG:colcon.colcon_core.event_handler.log_command:Invoked command in '/home/artimonke/DynamixelSDK/build/dynamixel_sdk' returned '0': CMAKE_PREFIX_PATH=/opt/ros/humble /usr/bin/cmake --install /home/artimonke/DynamixelSDK/build/dynamixel_sdk
[0.573s] Level 1:colcon.colcon_core.environment:checking '/home/artimonke/DynamixelSDK/install/dynamixel_sdk' for CMake module files
[0.573s] Level 1:colcon.colcon_core.environment:checking '/home/artimonke/DynamixelSDK/install/dynamixel_sdk' for CMake config files
[0.574s] Level 1:colcon.colcon_core.shell:create_environment_hook('dynamixel_sdk', 'cmake_prefix_path')
[0.577s] INFO:colcon.colcon_core.shell:Creating environment hook '/home/artimonke/DynamixelSDK/install/dynamixel_sdk/share/dynamixel_sdk/hook/cmake_prefix_path.ps1'
[0.578s] INFO:colcon.colcon_core.shell:Creating environment descriptor '/home/artimonke/DynamixelSDK/install/dynamixel_sdk/share/dynamixel_sdk/hook/cmake_prefix_path.dsv'
[0.578s] INFO:colcon.colcon_core.shell:Creating environment hook '/home/artimonke/DynamixelSDK/install/dynamixel_sdk/share/dynamixel_sdk/hook/cmake_prefix_path.sh'
[0.579s] Level 1:colcon.colcon_core.environment:checking '/home/artimonke/DynamixelSDK/install/dynamixel_sdk/lib'
[0.579s] Level 1:colcon.colcon_core.shell:create_environment_hook('dynamixel_sdk', 'ld_library_path_lib')
[0.583s] INFO:colcon.colcon_core.shell:Creating environment hook '/home/artimonke/DynamixelSDK/install/dynamixel_sdk/share/dynamixel_sdk/hook/ld_library_path_lib.ps1'
[0.583s] INFO:colcon.colcon_core.shell:Creating environment descriptor '/home/artimonke/DynamixelSDK/install/dynamixel_sdk/share/dynamixel_sdk/hook/ld_library_path_lib.dsv'
[0.583s] INFO:colcon.colcon_core.shell:Creating environment hook '/home/artimonke/DynamixelSDK/install/dynamixel_sdk/share/dynamixel_sdk/hook/ld_library_path_lib.sh'
[0.583s] Level 1:colcon.colcon_core.environment:checking '/home/artimonke/DynamixelSDK/install/dynamixel_sdk/bin'
[0.583s] Level 1:colcon.colcon_core.environment:checking '/home/artimonke/DynamixelSDK/install/dynamixel_sdk/lib/pkgconfig/dynamixel_sdk.pc'
[0.584s] Level 1:colcon.colcon_core.environment:checking '/home/artimonke/DynamixelSDK/install/dynamixel_sdk/lib/python3.10/site-packages'
[0.584s] Level 1:colcon.colcon_core.environment:checking '/home/artimonke/DynamixelSDK/install/dynamixel_sdk/bin'
[0.587s] INFO:colcon.colcon_core.shell:Creating package script '/home/artimonke/DynamixelSDK/install/dynamixel_sdk/share/dynamixel_sdk/package.ps1'
[0.588s] INFO:colcon.colcon_core.shell:Creating package descriptor '/home/artimonke/DynamixelSDK/install/dynamixel_sdk/share/dynamixel_sdk/package.dsv'
[0.589s] INFO:colcon.colcon_core.shell:Creating package script '/home/artimonke/DynamixelSDK/install/dynamixel_sdk/share/dynamixel_sdk/package.sh'
[0.589s] INFO:colcon.colcon_core.shell:Creating package script '/home/artimonke/DynamixelSDK/install/dynamixel_sdk/share/dynamixel_sdk/package.bash'
[0.590s] INFO:colcon.colcon_core.shell:Creating package script '/home/artimonke/DynamixelSDK/install/dynamixel_sdk/share/dynamixel_sdk/package.zsh'
[0.590s] Level 1:colcon.colcon_core.environment:create_file_with_runtime_dependencies(/home/artimonke/DynamixelSDK/install/dynamixel_sdk/share/colcon-core/packages/dynamixel_sdk)
[0.614s] Level 1:colcon.colcon_core.environment:create_environment_scripts_only(dynamixel_sdk)
[0.618s] Level 1:colcon.colcon_core.environment:checking '/home/artimonke/DynamixelSDK/install/dynamixel_sdk' for CMake module files
[0.619s] Level 1:colcon.colcon_core.environment:checking '/home/artimonke/DynamixelSDK/install/dynamixel_sdk' for CMake config files
[0.619s] Level 1:colcon.colcon_core.shell:create_environment_hook('dynamixel_sdk', 'cmake_prefix_path')
[0.622s] INFO:colcon.colcon_core.shell:Creating environment hook '/home/artimonke/DynamixelSDK/install/dynamixel_sdk/share/dynamixel_sdk/hook/cmake_prefix_path.ps1'
[0.623s] INFO:colcon.colcon_core.shell:Creating environment descriptor '/home/artimonke/DynamixelSDK/install/dynamixel_sdk/share/dynamixel_sdk/hook/cmake_prefix_path.dsv'
[0.623s] INFO:colcon.colcon_core.shell:Creating environment hook '/home/artimonke/DynamixelSDK/install/dynamixel_sdk/share/dynamixel_sdk/hook/cmake_prefix_path.sh'
[0.623s] Level 1:colcon.colcon_core.environment:checking '/home/artimonke/DynamixelSDK/install/dynamixel_sdk/lib'
[0.623s] Level 1:colcon.colcon_core.shell:create_environment_hook('dynamixel_sdk', 'ld_library_path_lib')
[0.627s] INFO:colcon.colcon_core.shell:Creating environment hook '/home/artimonke/DynamixelSDK/install/dynamixel_sdk/share/dynamixel_sdk/hook/ld_library_path_lib.ps1'
[0.627s] INFO:colcon.colcon_core.shell:Creating environment descriptor '/home/artimonke/DynamixelSDK/install/dynamixel_sdk/share/dynamixel_sdk/hook/ld_library_path_lib.dsv'
[0.627s] INFO:colcon.colcon_core.shell:Creating environment hook '/home/artimonke/DynamixelSDK/install/dynamixel_sdk/share/dynamixel_sdk/hook/ld_library_path_lib.sh'
[0.627s] Level 1:colcon.colcon_core.environment:checking '/home/artimonke/DynamixelSDK/install/dynamixel_sdk/bin'
[0.627s] Level 1:colcon.colcon_core.environment:checking '/home/artimonke/DynamixelSDK/install/dynamixel_sdk/lib/pkgconfig/dynamixel_sdk.pc'
[0.628s] Level 1:colcon.colcon_core.environment:checking '/home/artimonke/DynamixelSDK/install/dynamixel_sdk/lib/python3.10/site-packages'
[0.628s] Level 1:colcon.colcon_core.environment:checking '/home/artimonke/DynamixelSDK/install/dynamixel_sdk/bin'
[0.631s] INFO:colcon.colcon_core.shell:Creating package script '/home/artimonke/DynamixelSDK/install/dynamixel_sdk/share/dynamixel_sdk/package.ps1'
[0.632s] INFO:colcon.colcon_core.shell:Creating package descriptor '/home/artimonke/DynamixelSDK/install/dynamixel_sdk/share/dynamixel_sdk/package.dsv'
[0.632s] INFO:colcon.colcon_core.shell:Creating package script '/home/artimonke/DynamixelSDK/install/dynamixel_sdk/share/dynamixel_sdk/package.sh'
[0.633s] INFO:colcon.colcon_core.shell:Creating package script '/home/artimonke/DynamixelSDK/install/dynamixel_sdk/share/dynamixel_sdk/package.bash'
[0.633s] INFO:colcon.colcon_core.shell:Creating package script '/home/artimonke/DynamixelSDK/install/dynamixel_sdk/share/dynamixel_sdk/package.zsh'
[0.633s] Level 1:colcon.colcon_core.environment:create_file_with_runtime_dependencies(/home/artimonke/DynamixelSDK/install/dynamixel_sdk/share/colcon-core/packages/dynamixel_sdk)
[1.161s] DEBUG:colcon.colcon_core.event_handler.log_command:Invoked command in '/home/artimonke/DynamixelSDK/build/dynamixel_sdk_custom_interfaces' returned '0': CMAKE_PREFIX_PATH=/opt/ros/humble /usr/bin/cmake /home/artimonke/DynamixelSDK/dynamixel_sdk_custom_interfaces -DCMAKE_INSTALL_PREFIX=/home/artimonke/DynamixelSDK/install/dynamixel_sdk_custom_interfaces
[1.162s] DEBUG:colcon.colcon_core.event_handler.log_command:Invoking command in '/home/artimonke/DynamixelSDK/build/dynamixel_sdk_custom_interfaces': CMAKE_PREFIX_PATH=/opt/ros/humble /usr/bin/cmake --build /home/artimonke/DynamixelSDK/build/dynamixel_sdk_custom_interfaces -- -j8 -l8
[5.035s] DEBUG:colcon.colcon_core.event_handler.log_command:Invoked command in '/home/artimonke/DynamixelSDK/build/dynamixel_sdk_custom_interfaces' returned '0': CMAKE_PREFIX_PATH=/opt/ros/humble /usr/bin/cmake --build /home/artimonke/DynamixelSDK/build/dynamixel_sdk_custom_interfaces -- -j8 -l8
[5.106s] DEBUG:colcon.colcon_core.event_handler.log_command:Invoking command in '/home/artimonke/DynamixelSDK/build/dynamixel_sdk_custom_interfaces': CMAKE_PREFIX_PATH=/opt/ros/humble /usr/bin/cmake --install /home/artimonke/DynamixelSDK/build/dynamixel_sdk_custom_interfaces
[5.165s] Level 1:colcon.colcon_core.environment:create_environment_scripts_only(dynamixel_sdk_custom_interfaces)
[5.170s] Level 1:colcon.colcon_core.environment:checking '/home/artimonke/DynamixelSDK/install/dynamixel_sdk_custom_interfaces' for CMake module files
[5.171s] DEBUG:colcon.colcon_core.event_handler.log_command:Invoked command in '/home/artimonke/DynamixelSDK/build/dynamixel_sdk_custom_interfaces' returned '0': CMAKE_PREFIX_PATH=/opt/ros/humble /usr/bin/cmake --install /home/artimonke/DynamixelSDK/build/dynamixel_sdk_custom_interfaces
[5.171s] Level 1:colcon.colcon_core.environment:checking '/home/artimonke/DynamixelSDK/install/dynamixel_sdk_custom_interfaces' for CMake config files
[5.171s] Level 1:colcon.colcon_core.shell:create_environment_hook('dynamixel_sdk_custom_interfaces', 'cmake_prefix_path')
[5.174s] INFO:colcon.colcon_core.shell:Creating environment hook '/home/artimonke/DynamixelSDK/install/dynamixel_sdk_custom_interfaces/share/dynamixel_sdk_custom_interfaces/hook/cmake_prefix_path.ps1'
[5.175s] INFO:colcon.colcon_core.shell:Creating environment descriptor '/home/artimonke/DynamixelSDK/install/dynamixel_sdk_custom_interfaces/share/dynamixel_sdk_custom_interfaces/hook/cmake_prefix_path.dsv'
[5.175s] INFO:colcon.colcon_core.shell:Creating environment hook '/home/artimonke/DynamixelSDK/install/dynamixel_sdk_custom_interfaces/share/dynamixel_sdk_custom_interfaces/hook/cmake_prefix_path.sh'
[5.175s] Level 1:colcon.colcon_core.environment:checking '/home/artimonke/DynamixelSDK/install/dynamixel_sdk_custom_interfaces/lib'
[5.175s] Level 1:colcon.colcon_core.shell:create_environment_hook('dynamixel_sdk_custom_interfaces', 'ld_library_path_lib')
[5.179s] INFO:colcon.colcon_core.shell:Creating environment hook '/home/artimonke/DynamixelSDK/install/dynamixel_sdk_custom_interfaces/share/dynamixel_sdk_custom_interfaces/hook/ld_library_path_lib.ps1'
[5.179s] INFO:colcon.colcon_core.shell:Creating environment descriptor '/home/artimonke/DynamixelSDK/install/dynamixel_sdk_custom_interfaces/share/dynamixel_sdk_custom_interfaces/hook/ld_library_path_lib.dsv'
[5.179s] INFO:colcon.colcon_core.shell:Creating environment hook '/home/artimonke/DynamixelSDK/install/dynamixel_sdk_custom_interfaces/share/dynamixel_sdk_custom_interfaces/hook/ld_library_path_lib.sh'
[5.179s] Level 1:colcon.colcon_core.environment:checking '/home/artimonke/DynamixelSDK/install/dynamixel_sdk_custom_interfaces/bin'
[5.179s] Level 1:colcon.colcon_core.environment:checking '/home/artimonke/DynamixelSDK/install/dynamixel_sdk_custom_interfaces/lib/pkgconfig/dynamixel_sdk_custom_interfaces.pc'
[5.180s] Level 1:colcon.colcon_core.environment:checking '/home/artimonke/DynamixelSDK/install/dynamixel_sdk_custom_interfaces/lib/python3.10/site-packages'
[5.180s] Level 1:colcon.colcon_core.environment:checking '/home/artimonke/DynamixelSDK/install/dynamixel_sdk_custom_interfaces/bin'
[5.183s] INFO:colcon.colcon_core.shell:Creating package script '/home/artimonke/DynamixelSDK/install/dynamixel_sdk_custom_interfaces/share/dynamixel_sdk_custom_interfaces/package.ps1'
[5.183s] INFO:colcon.colcon_core.shell:Creating package descriptor '/home/artimonke/DynamixelSDK/install/dynamixel_sdk_custom_interfaces/share/dynamixel_sdk_custom_interfaces/package.dsv'
[5.184s] INFO:colcon.colcon_core.shell:Creating package script '/home/artimonke/DynamixelSDK/install/dynamixel_sdk_custom_interfaces/share/dynamixel_sdk_custom_interfaces/package.sh'
[5.184s] INFO:colcon.colcon_core.shell:Creating package script '/home/artimonke/DynamixelSDK/install/dynamixel_sdk_custom_interfaces/share/dynamixel_sdk_custom_interfaces/package.bash'
[5.184s] INFO:colcon.colcon_core.shell:Creating package script '/home/artimonke/DynamixelSDK/install/dynamixel_sdk_custom_interfaces/share/dynamixel_sdk_custom_interfaces/package.zsh'
[5.184s] Level 1:colcon.colcon_core.environment:create_file_with_runtime_dependencies(/home/artimonke/DynamixelSDK/install/dynamixel_sdk_custom_interfaces/share/colcon-core/packages/dynamixel_sdk_custom_interfaces)
[5.256s] Level 1:colcon.colcon_core.environment:create_environment_scripts_only(dynamixel_sdk_custom_interfaces)
[5.259s] Level 1:colcon.colcon_core.environment:checking '/home/artimonke/DynamixelSDK/install/dynamixel_sdk_custom_interfaces' for CMake module files
[5.260s] Level 1:colcon.colcon_core.environment:checking '/home/artimonke/DynamixelSDK/install/dynamixel_sdk_custom_interfaces' for CMake config files
[5.260s] Level 1:colcon.colcon_core.shell:create_environment_hook('dynamixel_sdk_custom_interfaces', 'cmake_prefix_path')
[5.263s] INFO:colcon.colcon_core.shell:Creating environment hook '/home/artimonke/DynamixelSDK/install/dynamixel_sdk_custom_interfaces/share/dynamixel_sdk_custom_interfaces/hook/cmake_prefix_path.ps1'
[5.264s] INFO:colcon.colcon_core.shell:Creating environment descriptor '/home/artimonke/DynamixelSDK/install/dynamixel_sdk_custom_interfaces/share/dynamixel_sdk_custom_interfaces/hook/cmake_prefix_path.dsv'
[5.264s] INFO:colcon.colcon_core.shell:Creating environment hook '/home/artimonke/DynamixelSDK/install/dynamixel_sdk_custom_interfaces/share/dynamixel_sdk_custom_interfaces/hook/cmake_prefix_path.sh'
[5.264s] Level 1:colcon.colcon_core.environment:checking '/home/artimonke/DynamixelSDK/install/dynamixel_sdk_custom_interfaces/lib'
[5.264s] Level 1:colcon.colcon_core.shell:create_environment_hook('dynamixel_sdk_custom_interfaces', 'ld_library_path_lib')
[5.268s] INFO:colcon.colcon_core.shell:Creating environment hook '/home/artimonke/DynamixelSDK/install/dynamixel_sdk_custom_interfaces/share/dynamixel_sdk_custom_interfaces/hook/ld_library_path_lib.ps1'
[5.268s] INFO:colcon.colcon_core.shell:Creating environment descriptor '/home/artimonke/DynamixelSDK/install/dynamixel_sdk_custom_interfaces/share/dynamixel_sdk_custom_interfaces/hook/ld_library_path_lib.dsv'
[5.268s] INFO:colcon.colcon_core.shell:Creating environment hook '/home/artimonke/DynamixelSDK/install/dynamixel_sdk_custom_interfaces/share/dynamixel_sdk_custom_interfaces/hook/ld_library_path_lib.sh'
[5.268s] Level 1:colcon.colcon_core.environment:checking '/home/artimonke/DynamixelSDK/install/dynamixel_sdk_custom_interfaces/bin'
[5.268s] Level 1:colcon.colcon_core.environment:checking '/home/artimonke/DynamixelSDK/install/dynamixel_sdk_custom_interfaces/lib/pkgconfig/dynamixel_sdk_custom_interfaces.pc'
[5.268s] Level 1:colcon.colcon_core.environment:checking '/home/artimonke/DynamixelSDK/install/dynamixel_sdk_custom_interfaces/lib/python3.10/site-packages'
[5.269s] Level 1:colcon.colcon_core.environment:checking '/home/artimonke/DynamixelSDK/install/dynamixel_sdk_custom_interfaces/bin'
[5.272s] INFO:colcon.colcon_core.shell:Creating package script '/home/artimonke/DynamixelSDK/install/dynamixel_sdk_custom_interfaces/share/dynamixel_sdk_custom_interfaces/package.ps1'
[5.272s] INFO:colcon.colcon_core.shell:Creating package descriptor '/home/artimonke/DynamixelSDK/install/dynamixel_sdk_custom_interfaces/share/dynamixel_sdk_custom_interfaces/package.dsv'
[5.273s] INFO:colcon.colcon_core.shell:Creating package script '/home/artimonke/DynamixelSDK/install/dynamixel_sdk_custom_interfaces/share/dynamixel_sdk_custom_interfaces/package.sh'
[5.273s] INFO:colcon.colcon_core.shell:Creating package script '/home/artimonke/DynamixelSDK/install/dynamixel_sdk_custom_interfaces/share/dynamixel_sdk_custom_interfaces/package.bash'
[5.273s] INFO:colcon.colcon_core.shell:Creating package script '/home/artimonke/DynamixelSDK/install/dynamixel_sdk_custom_interfaces/share/dynamixel_sdk_custom_interfaces/package.zsh'
[5.274s] Level 1:colcon.colcon_core.environment:create_file_with_runtime_dependencies(/home/artimonke/DynamixelSDK/install/dynamixel_sdk_custom_interfaces/share/colcon-core/packages/dynamixel_sdk_custom_interfaces)
[5.274s] INFO:colcon.colcon_ros.task.ament_cmake.build:Building ROS package in '/home/artimonke/DynamixelSDK/dynamixel_sdk_examples' with build type 'ament_cmake'
[5.274s] INFO:colcon.colcon_cmake.task.cmake.build:Building CMake package in '/home/artimonke/DynamixelSDK/dynamixel_sdk_examples'
[5.277s] INFO:colcon.colcon_core.shell:Skip shell extension 'powershell' for command environment: Not usable outside of PowerShell
[5.277s] DEBUG:colcon.colcon_core.shell:Skip shell extension 'dsv' for command environment
[5.290s] DEBUG:colcon.colcon_core.event_handler.log_command:Invoking command in '/home/artimonke/DynamixelSDK/build/dynamixel_sdk_examples': AMENT_PREFIX_PATH=/home/artimonke/DynamixelSDK/install/dynamixel_sdk_custom_interfaces:/home/artimonke/DynamixelSDK/install/dynamixel_sdk:${AMENT_PREFIX_PATH} CMAKE_PREFIX_PATH=/home/artimonke/DynamixelSDK/install/dynamixel_sdk_custom_interfaces:/home/artimonke/DynamixelSDK/install/dynamixel_sdk:/opt/ros/humble LD_LIBRARY_PATH=/home/artimonke/DynamixelSDK/install/dynamixel_sdk_custom_interfaces/lib:/home/artimonke/DynamixelSDK/install/dynamixel_sdk/lib:${LD_LIBRARY_PATH} PYTHONPATH=/home/artimonke/DynamixelSDK/install/dynamixel_sdk_custom_interfaces/local/lib/python3.10/dist-packages:${PYTHONPATH} /usr/bin/cmake /home/artimonke/DynamixelSDK/dynamixel_sdk_examples -DCMAKE_INSTALL_PREFIX=/home/artimonke/DynamixelSDK/install/dynamixel_sdk_examples
[6.544s] DEBUG:colcon.colcon_core.event_handler.log_command:Invoked command in '/home/artimonke/DynamixelSDK/build/dynamixel_sdk_examples' returned '0': AMENT_PREFIX_PATH=/home/artimonke/DynamixelSDK/install/dynamixel_sdk_custom_interfaces:/home/artimonke/DynamixelSDK/install/dynamixel_sdk:${AMENT_PREFIX_PATH} CMAKE_PREFIX_PATH=/home/artimonke/DynamixelSDK/install/dynamixel_sdk_custom_interfaces:/home/artimonke/DynamixelSDK/install/dynamixel_sdk:/opt/ros/humble LD_LIBRARY_PATH=/home/artimonke/DynamixelSDK/install/dynamixel_sdk_custom_interfaces/lib:/home/artimonke/DynamixelSDK/install/dynamixel_sdk/lib:${LD_LIBRARY_PATH} PYTHONPATH=/home/artimonke/DynamixelSDK/install/dynamixel_sdk_custom_interfaces/local/lib/python3.10/dist-packages:${PYTHONPATH} /usr/bin/cmake /home/artimonke/DynamixelSDK/dynamixel_sdk_examples -DCMAKE_INSTALL_PREFIX=/home/artimonke/DynamixelSDK/install/dynamixel_sdk_examples
[6.545s] DEBUG:colcon.colcon_core.event_handler.log_command:Invoking command in '/home/artimonke/DynamixelSDK/build/dynamixel_sdk_examples': AMENT_PREFIX_PATH=/home/artimonke/DynamixelSDK/install/dynamixel_sdk_custom_interfaces:/home/artimonke/DynamixelSDK/install/dynamixel_sdk:${AMENT_PREFIX_PATH} CMAKE_PREFIX_PATH=/home/artimonke/DynamixelSDK/install/dynamixel_sdk_custom_interfaces:/home/artimonke/DynamixelSDK/install/dynamixel_sdk:/opt/ros/humble LD_LIBRARY_PATH=/home/artimonke/DynamixelSDK/install/dynamixel_sdk_custom_interfaces/lib:/home/artimonke/DynamixelSDK/install/dynamixel_sdk/lib:${LD_LIBRARY_PATH} PYTHONPATH=/home/artimonke/DynamixelSDK/install/dynamixel_sdk_custom_interfaces/local/lib/python3.10/dist-packages:${PYTHONPATH} /usr/bin/cmake --build /home/artimonke/DynamixelSDK/build/dynamixel_sdk_examples -- -j8 -l8
[13.752s] DEBUG:colcon.colcon_core.event_handler.log_command:Invoked command in '/home/artimonke/DynamixelSDK/build/dynamixel_sdk_examples' returned '0': AMENT_PREFIX_PATH=/home/artimonke/DynamixelSDK/install/dynamixel_sdk_custom_interfaces:/home/artimonke/DynamixelSDK/install/dynamixel_sdk:${AMENT_PREFIX_PATH} CMAKE_PREFIX_PATH=/home/artimonke/DynamixelSDK/install/dynamixel_sdk_custom_interfaces:/home/artimonke/DynamixelSDK/install/dynamixel_sdk:/opt/ros/humble LD_LIBRARY_PATH=/home/artimonke/DynamixelSDK/install/dynamixel_sdk_custom_interfaces/lib:/home/artimonke/DynamixelSDK/install/dynamixel_sdk/lib:${LD_LIBRARY_PATH} PYTHONPATH=/home/artimonke/DynamixelSDK/install/dynamixel_sdk_custom_interfaces/local/lib/python3.10/dist-packages:${PYTHONPATH} /usr/bin/cmake --build /home/artimonke/DynamixelSDK/build/dynamixel_sdk_examples -- -j8 -l8
[13.764s] DEBUG:colcon.colcon_core.event_handler.log_command:Invoking command in '/home/artimonke/DynamixelSDK/build/dynamixel_sdk_examples': AMENT_PREFIX_PATH=/home/artimonke/DynamixelSDK/install/dynamixel_sdk_custom_interfaces:/home/artimonke/DynamixelSDK/install/dynamixel_sdk:${AMENT_PREFIX_PATH} CMAKE_PREFIX_PATH=/home/artimonke/DynamixelSDK/install/dynamixel_sdk_custom_interfaces:/home/artimonke/DynamixelSDK/install/dynamixel_sdk:/opt/ros/humble LD_LIBRARY_PATH=/home/artimonke/DynamixelSDK/install/dynamixel_sdk_custom_interfaces/lib:/home/artimonke/DynamixelSDK/install/dynamixel_sdk/lib:${LD_LIBRARY_PATH} PYTHONPATH=/home/artimonke/DynamixelSDK/install/dynamixel_sdk_custom_interfaces/local/lib/python3.10/dist-packages:${PYTHONPATH} /usr/bin/cmake --install /home/artimonke/DynamixelSDK/build/dynamixel_sdk_examples
[13.771s] Level 1:colcon.colcon_core.environment:create_environment_scripts_only(dynamixel_sdk_examples)
[13.775s] Level 1:colcon.colcon_core.environment:checking '/home/artimonke/DynamixelSDK/install/dynamixel_sdk_examples' for CMake module files
[13.775s] DEBUG:colcon.colcon_core.event_handler.log_command:Invoked command in '/home/artimonke/DynamixelSDK/build/dynamixel_sdk_examples' returned '0': AMENT_PREFIX_PATH=/home/artimonke/DynamixelSDK/install/dynamixel_sdk_custom_interfaces:/home/artimonke/DynamixelSDK/install/dynamixel_sdk:${AMENT_PREFIX_PATH} CMAKE_PREFIX_PATH=/home/artimonke/DynamixelSDK/install/dynamixel_sdk_custom_interfaces:/home/artimonke/DynamixelSDK/install/dynamixel_sdk:/opt/ros/humble LD_LIBRARY_PATH=/home/artimonke/DynamixelSDK/install/dynamixel_sdk_custom_interfaces/lib:/home/artimonke/DynamixelSDK/install/dynamixel_sdk/lib:${LD_LIBRARY_PATH} PYTHONPATH=/home/artimonke/DynamixelSDK/install/dynamixel_sdk_custom_interfaces/local/lib/python3.10/dist-packages:${PYTHONPATH} /usr/bin/cmake --install /home/artimonke/DynamixelSDK/build/dynamixel_sdk_examples
[13.775s] Level 1:colcon.colcon_core.environment:checking '/home/artimonke/DynamixelSDK/install/dynamixel_sdk_examples' for CMake config files
[13.776s] Level 1:colcon.colcon_core.shell:create_environment_hook('dynamixel_sdk_examples', 'cmake_prefix_path')
[13.779s] INFO:colcon.colcon_core.shell:Creating environment hook '/home/artimonke/DynamixelSDK/install/dynamixel_sdk_examples/share/dynamixel_sdk_examples/hook/cmake_prefix_path.ps1'
[13.779s] INFO:colcon.colcon_core.shell:Creating environment descriptor '/home/artimonke/DynamixelSDK/install/dynamixel_sdk_examples/share/dynamixel_sdk_examples/hook/cmake_prefix_path.dsv'
[13.779s] INFO:colcon.colcon_core.shell:Creating environment hook '/home/artimonke/DynamixelSDK/install/dynamixel_sdk_examples/share/dynamixel_sdk_examples/hook/cmake_prefix_path.sh'
[13.780s] Level 1:colcon.colcon_core.environment:checking '/home/artimonke/DynamixelSDK/install/dynamixel_sdk_examples/lib'
[13.780s] Level 1:colcon.colcon_core.environment:checking '/home/artimonke/DynamixelSDK/install/dynamixel_sdk_examples/bin'
[13.780s] Level 1:colcon.colcon_core.environment:checking '/home/artimonke/DynamixelSDK/install/dynamixel_sdk_examples/lib/pkgconfig/dynamixel_sdk_examples.pc'
[13.780s] Level 1:colcon.colcon_core.environment:checking '/home/artimonke/DynamixelSDK/install/dynamixel_sdk_examples/lib/python3.10/site-packages'
[13.780s] Level 1:colcon.colcon_core.environment:checking '/home/artimonke/DynamixelSDK/install/dynamixel_sdk_examples/bin'
[13.783s] INFO:colcon.colcon_core.shell:Creating package script '/home/artimonke/DynamixelSDK/install/dynamixel_sdk_examples/share/dynamixel_sdk_examples/package.ps1'
[13.784s] INFO:colcon.colcon_core.shell:Creating package descriptor '/home/artimonke/DynamixelSDK/install/dynamixel_sdk_examples/share/dynamixel_sdk_examples/package.dsv'
[13.784s] INFO:colcon.colcon_core.shell:Creating package script '/home/artimonke/DynamixelSDK/install/dynamixel_sdk_examples/share/dynamixel_sdk_examples/package.sh'
[13.784s] INFO:colcon.colcon_core.shell:Creating package script '/home/artimonke/DynamixelSDK/install/dynamixel_sdk_examples/share/dynamixel_sdk_examples/package.bash'
[13.785s] INFO:colcon.colcon_core.shell:Creating package script '/home/artimonke/DynamixelSDK/install/dynamixel_sdk_examples/share/dynamixel_sdk_examples/package.zsh'
[13.785s] Level 1:colcon.colcon_core.environment:create_file_with_runtime_dependencies(/home/artimonke/DynamixelSDK/install/dynamixel_sdk_examples/share/colcon-core/packages/dynamixel_sdk_examples)
[13.800s] Level 1:colcon.colcon_core.environment:create_environment_scripts_only(dynamixel_sdk_examples)
[13.804s] Level 1:colcon.colcon_core.environment:checking '/home/artimonke/DynamixelSDK/install/dynamixel_sdk_examples' for CMake module files
[13.804s] Level 1:colcon.colcon_core.environment:checking '/home/artimonke/DynamixelSDK/install/dynamixel_sdk_examples' for CMake config files
[13.804s] Level 1:colcon.colcon_core.shell:create_environment_hook('dynamixel_sdk_examples', 'cmake_prefix_path')
[13.807s] INFO:colcon.colcon_core.shell:Creating environment hook '/home/artimonke/DynamixelSDK/install/dynamixel_sdk_examples/share/dynamixel_sdk_examples/hook/cmake_prefix_path.ps1'
[13.808s] INFO:colcon.colcon_core.shell:Creating environment descriptor '/home/artimonke/DynamixelSDK/install/dynamixel_sdk_examples/share/dynamixel_sdk_examples/hook/cmake_prefix_path.dsv'
[13.808s] INFO:colcon.colcon_core.shell:Creating environment hook '/home/artimonke/DynamixelSDK/install/dynamixel_sdk_examples/share/dynamixel_sdk_examples/hook/cmake_prefix_path.sh'
[13.808s] Level 1:colcon.colcon_core.environment:checking '/home/artimonke/DynamixelSDK/install/dynamixel_sdk_examples/lib'
[13.808s] Level 1:colcon.colcon_core.environment:checking '/home/artimonke/DynamixelSDK/install/dynamixel_sdk_examples/bin'
[13.808s] Level 1:colcon.colcon_core.environment:checking '/home/artimonke/DynamixelSDK/install/dynamixel_sdk_examples/lib/pkgconfig/dynamixel_sdk_examples.pc'
[13.808s] Level 1:colcon.colcon_core.environment:checking '/home/artimonke/DynamixelSDK/install/dynamixel_sdk_examples/lib/python3.10/site-packages'
[13.809s] Level 1:colcon.colcon_core.environment:checking '/home/artimonke/DynamixelSDK/install/dynamixel_sdk_examples/bin'
[13.812s] INFO:colcon.colcon_core.shell:Creating package script '/home/artimonke/DynamixelSDK/install/dynamixel_sdk_examples/share/dynamixel_sdk_examples/package.ps1'
[13.812s] INFO:colcon.colcon_core.shell:Creating package descriptor '/home/artimonke/DynamixelSDK/install/dynamixel_sdk_examples/share/dynamixel_sdk_examples/package.dsv'
[13.813s] INFO:colcon.colcon_core.shell:Creating package script '/home/artimonke/DynamixelSDK/install/dynamixel_sdk_examples/share/dynamixel_sdk_examples/package.sh'
[13.813s] INFO:colcon.colcon_core.shell:Creating package script '/home/artimonke/DynamixelSDK/install/dynamixel_sdk_examples/share/dynamixel_sdk_examples/package.bash'
[13.813s] INFO:colcon.colcon_core.shell:Creating package script '/home/artimonke/DynamixelSDK/install/dynamixel_sdk_examples/share/dynamixel_sdk_examples/package.zsh'
[13.814s] Level 1:colcon.colcon_core.environment:create_file_with_runtime_dependencies(/home/artimonke/DynamixelSDK/install/dynamixel_sdk_examples/share/colcon-core/packages/dynamixel_sdk_examples)
[13.814s] DEBUG:colcon.colcon_parallel_executor.executor.parallel:closing loop
[13.814s] DEBUG:colcon.colcon_parallel_executor.executor.parallel:loop closed
[13.814s] DEBUG:colcon.colcon_parallel_executor.executor.parallel:run_until_complete finished with '0'
[13.814s] DEBUG:colcon.colcon_core.event_reactor:joining thread
[13.821s] INFO:colcon.colcon_core.plugin_system:Skipping extension 'colcon_notification.desktop_notification.terminal_notifier': Not used on non-Darwin systems
[13.821s] INFO:colcon.colcon_core.plugin_system:Skipping extension 'colcon_notification.desktop_notification.win32': Not used on non-Windows systems
[13.821s] INFO:colcon.colcon_notification.desktop_notification:Sending desktop notification using 'notify2'
[13.832s] DEBUG:colcon.colcon_core.event_reactor:joined thread
[13.836s] INFO:colcon.colcon_core.shell:Creating prefix script '/home/artimonke/DynamixelSDK/install/local_setup.ps1'
[13.837s] INFO:colcon.colcon_core.shell:Creating prefix util module '/home/artimonke/DynamixelSDK/install/_local_setup_util_ps1.py'
[13.838s] INFO:colcon.colcon_core.shell:Creating prefix chain script '/home/artimonke/DynamixelSDK/install/setup.ps1'
[13.842s] INFO:colcon.colcon_core.shell:Creating prefix script '/home/artimonke/DynamixelSDK/install/local_setup.sh'
[13.842s] INFO:colcon.colcon_core.shell:Creating prefix util module '/home/artimonke/DynamixelSDK/install/_local_setup_util_sh.py'
[13.842s] INFO:colcon.colcon_core.shell:Creating prefix chain script '/home/artimonke/DynamixelSDK/install/setup.sh'
[13.846s] INFO:colcon.colcon_core.shell:Creating prefix script '/home/artimonke/DynamixelSDK/install/local_setup.bash'
[13.846s] INFO:colcon.colcon_core.shell:Creating prefix chain script '/home/artimonke/DynamixelSDK/install/setup.bash'
[13.850s] INFO:colcon.colcon_core.shell:Creating prefix script '/home/artimonke/DynamixelSDK/install/local_setup.zsh'
[13.850s] INFO:colcon.colcon_core.shell:Creating prefix chain script '/home/artimonke/DynamixelSDK/install/setup.zsh'
