[0.011s] Invoking command in '/home/artimonke/DynamixelSDK/build/dynamixel_sdk_custom_interfaces': CMAKE_PREFIX_PATH=/opt/ros/humble /usr/bin/cmake /home/artimonke/DynamixelSDK/dynamixel_sdk_custom_interfaces -DCMAKE_INSTALL_PREFIX=/home/artimonke/DynamixelSDK/install/dynamixel_sdk_custom_interfaces
[0.115s] -- The C compiler identification is GNU 11.4.0
[0.199s] -- The CXX compiler identification is GNU 11.4.0
[0.209s] -- Detecting C compiler ABI info
[0.252s] -- Detecting C compiler ABI info - done
[0.259s] -- Check for working C compiler: /usr/bin/cc - skipped
[0.259s] -- Detecting C compile features
[0.259s] -- Detecting C compile features - done
[0.263s] -- Detecting CXX compiler ABI info
[0.310s] -- Detecting CXX compiler ABI info - done
[0.317s] -- Check for working CXX compiler: /usr/bin/c++ - skipped
[0.318s] -- Detecting CXX compile features
[0.318s] -- Detecting CXX compile features - done
[0.323s] -- Found ament_cmake: 1.3.5 (/opt/ros/humble/share/ament_cmake/cmake)
[0.743s] -- Found Python3: /usr/bin/python3.10 (found version "3.10.12") found components: Interpreter 
[0.821s] -- Found builtin_interfaces: 1.2.1 (/opt/ros/humble/share/builtin_interfaces/cmake)
[0.855s] -- Found rosidl_generator_c: 3.1.5 (/opt/ros/humble/share/rosidl_generator_c/cmake)
[0.860s] -- Found rosidl_adapter: 3.1.5 (/opt/ros/humble/share/rosidl_adapter/cmake)
[0.869s] -- Found rosidl_generator_cpp: 3.1.5 (/opt/ros/humble/share/rosidl_generator_cpp/cmake)
[0.884s] -- Using all available rosidl_typesupport_c: rosidl_typesupport_fastrtps_c;rosidl_typesupport_introspection_c
[0.910s] -- Using all available rosidl_typesupport_cpp: rosidl_typesupport_fastrtps_cpp;rosidl_typesupport_introspection_cpp
[0.940s] -- Found rosidl_default_generators: 1.2.0 (/opt/ros/humble/share/rosidl_default_generators/cmake)
[1.185s] [31mCMake Error at /opt/ros/humble/share/rosidl_adapter/cmake/rosidl_adapt_interfaces.cmake:59 (message):
[1.185s]   execute_process(/usr/bin/python3.10 -m rosidl_adapter --package-name
[1.185s]   dynamixel_sdk_custom_interfaces --arguments-file
[1.185s]   /home/artimonke/DynamixelSDK/build/dynamixel_sdk_custom_interfaces/rosidl_adapter__arguments__dynamixel_sdk_custom_interfaces.json
[1.185s]   --output-dir
[1.185s]   /home/artimonke/DynamixelSDK/build/dynamixel_sdk_custom_interfaces/rosidl_adapter/dynamixel_sdk_custom_interfaces
[1.185s]   --output-file
[1.185s]   /home/artimonke/DynamixelSDK/build/dynamixel_sdk_custom_interfaces/rosidl_adapter/dynamixel_sdk_custom_interfaces.idls)
[1.185s]   returned error code 1:
[1.186s] 
[1.186s]   Traceback (most recent call last):
[1.186s] 
[1.186s]     File "/usr/lib/python3.10/runpy.py", line 196, in _run_module_as_main
[1.186s]       return _run_code(code, main_globals, None,
[1.186s]     File "/usr/lib/python3.10/runpy.py", line 86, in _run_code
[1.186s]       exec(code, run_globals)
[1.186s]     File "/opt/ros/humble/local/lib/python3.10/dist-packages/rosidl_adapter/__main__.py", line 19, in <module>
[1.186s]       sys.exit(main())
[1.186s]     File "/opt/ros/humble/local/lib/python3.10/dist-packages/rosidl_adapter/main.py", line 53, in main
[1.186s]       abs_idl_file = convert_to_idl(
[1.186s]     File "/opt/ros/humble/local/lib/python3.10/dist-packages/rosidl_adapter/__init__.py", line 19, in convert_to_idl
[1.187s]       return convert_msg_to_idl(
[1.187s]     File "/opt/ros/humble/local/lib/python3.10/dist-packages/rosidl_adapter/msg/__init__.py", line 28, in convert_msg_to_idl
[1.187s]       msg = parse_message_string(package_name, input_file.stem, content)
[1.187s]     File "/opt/ros/humble/local/lib/python3.10/dist-packages/rosidl_adapter/parser.py", line 544, in parse_message_string
[1.187s]       msg = MessageSpecification(pkg_name, msg_name, fields, constants)
[1.187s]     File "/opt/ros/humble/local/lib/python3.10/dist-packages/rosidl_adapter/parser.py", line 403, in __init__
[1.187s]       raise ValueError(
[1.187s] 
[1.187s]   ValueError: the fields iterable contains duplicate names: id1, id2
[1.187s] 
[1.187s] Call Stack (most recent call first):
[1.187s]   /opt/ros/humble/share/rosidl_cmake/cmake/rosidl_generate_interfaces.cmake:130 (rosidl_adapt_interfaces)
[1.188s]   CMakeLists.txt:30 (rosidl_generate_interfaces)
[1.188s] 
[1.188s] [0m
[1.188s] -- Configuring incomplete, errors occurred!
[1.188s] See also "/home/artimonke/DynamixelSDK/build/dynamixel_sdk_custom_interfaces/CMakeFiles/CMakeOutput.log".
[1.194s] Invoked command in '/home/artimonke/DynamixelSDK/build/dynamixel_sdk_custom_interfaces' returned '1': CMAKE_PREFIX_PATH=/opt/ros/humble /usr/bin/cmake /home/artimonke/DynamixelSDK/dynamixel_sdk_custom_interfaces -DCMAKE_INSTALL_PREFIX=/home/artimonke/DynamixelSDK/install/dynamixel_sdk_custom_interfaces
