[0.007s] Invoking command in '/home/artimonke/DynamixelSDK/build/dynamixel_sdk_examples': AMENT_PREFIX_PATH=/home/artimonke/DynamixelSDK/install/dynamixel_sdk_custom_interfaces:/home/artimonke/DynamixelSDK/install/dynamixel_sdk:${AMENT_PREFIX_PATH} CMAKE_PREFIX_PATH=/home/artimonke/DynamixelSDK/install/dynamixel_sdk_custom_interfaces:/home/artimonke/DynamixelSDK/install/dynamixel_sdk:/opt/ros/humble LD_LIBRARY_PATH=/home/artimonke/DynamixelSDK/install/dynamixel_sdk_custom_interfaces/lib:/home/artimonke/DynamixelSDK/install/dynamixel_sdk/lib:${LD_LIBRARY_PATH} PYTHONPATH=/home/artimonke/DynamixelSDK/install/dynamixel_sdk_custom_interfaces/local/lib/python3.10/dist-packages:${PYTHONPATH} /usr/bin/cmake /home/artimonke/DynamixelSDK/dynamixel_sdk_examples -DCMAKE_INSTALL_PREFIX=/home/artimonke/DynamixelSDK/install/dynamixel_sdk_examples
[0.041s] -- The C compiler identification is GNU 11.4.0
[0.081s] -- The CXX compiler identification is GNU 11.4.0
[0.087s] -- Detecting C compiler ABI info
[0.124s] -- Detecting C compiler ABI info - done
[0.130s] -- Check for working C compiler: /usr/bin/cc - skipped
[0.131s] -- Detecting C compile features
[0.131s] -- Detecting C compile features - done
[0.133s] -- Detecting CXX compiler ABI info
[0.179s] -- Detecting CXX compiler ABI info - done
[0.185s] -- Check for working CXX compiler: /usr/bin/c++ - skipped
[0.186s] -- Detecting CXX compile features
[0.186s] -- Detecting CXX compile features - done
[0.188s] -- Found ament_cmake: 1.3.5 (/opt/ros/humble/share/ament_cmake/cmake)
[0.597s] -- Found Python3: /usr/bin/python3.10 (found version "3.10.12") found components: Interpreter 
[0.662s] -- Found dynamixel_sdk: 3.7.60 (/home/artimonke/DynamixelSDK/install/dynamixel_sdk/share/dynamixel_sdk/cmake)
[0.663s] -- Found dynamixel_sdk_custom_interfaces: 3.7.60 (/home/artimonke/DynamixelSDK/install/dynamixel_sdk_custom_interfaces/share/dynamixel_sdk_custom_interfaces/cmake)
[0.691s] -- Found rosidl_generator_c: 3.1.5 (/opt/ros/humble/share/rosidl_generator_c/cmake)
[0.694s] -- Found rosidl_adapter: 3.1.5 (/opt/ros/humble/share/rosidl_adapter/cmake)
[0.701s] -- Found rosidl_generator_cpp: 3.1.5 (/opt/ros/humble/share/rosidl_generator_cpp/cmake)
[0.713s] -- Using all available rosidl_typesupport_c: rosidl_typesupport_fastrtps_c;rosidl_typesupport_introspection_c
[0.729s] -- Using all available rosidl_typesupport_cpp: rosidl_typesupport_fastrtps_cpp;rosidl_typesupport_introspection_cpp
[0.779s] -- Found rclcpp: 16.0.6 (/opt/ros/humble/share/rclcpp/cmake)
[0.837s] -- Found rmw_implementation_cmake: 6.1.1 (/opt/ros/humble/share/rmw_implementation_cmake/cmake)
[0.840s] -- Found rmw_fastrtps_cpp: 6.2.4 (/opt/ros/humble/share/rmw_fastrtps_cpp/cmake)
[0.912s] -- Found OpenSSL: /usr/lib/x86_64-linux-gnu/libcrypto.so (found version "3.0.2")  
[0.932s] -- Found FastRTPS: /opt/ros/humble/include  
[0.968s] -- Using RMW implementation 'rmw_fastrtps_cpp' as default
[0.978s] -- Performing Test CMAKE_HAVE_LIBC_PTHREAD
[1.019s] -- Performing Test CMAKE_HAVE_LIBC_PTHREAD - Success
[1.020s] -- Found Threads: TRUE  
[1.174s] -- Found ament_lint_auto: 0.12.8 (/opt/ros/humble/share/ament_lint_auto/cmake)
[1.239s] -- Added test 'copyright' to check source files copyright and LICENSE
[1.241s] -- Added test 'cppcheck' to perform static code analysis on C / C++ code
[1.241s] -- Configured cppcheck include dirs: /home/artimonke/DynamixelSDK/dynamixel_sdk_examples/include
[1.241s] -- Configured cppcheck exclude dirs and/or files: 
[1.242s] -- Added test 'cpplint' to check C / C++ code against the Google style
[1.242s] -- Configured cpplint exclude dirs and/or files: 
[1.242s] -- Added test 'lint_cmake' to check CMake code style
[1.243s] -- Added test 'uncrustify' to check C / C++ code style
[1.243s] -- Configured uncrustify additional arguments: 
[1.244s] -- Added test 'xmllint' to check XML markup files
[1.245s] -- Configuring done
[1.252s] -- Generating done
[1.253s] -- Build files have been written to: /home/artimonke/DynamixelSDK/build/dynamixel_sdk_examples
[1.260s] Invoked command in '/home/artimonke/DynamixelSDK/build/dynamixel_sdk_examples' returned '0': AMENT_PREFIX_PATH=/home/artimonke/DynamixelSDK/install/dynamixel_sdk_custom_interfaces:/home/artimonke/DynamixelSDK/install/dynamixel_sdk:${AMENT_PREFIX_PATH} CMAKE_PREFIX_PATH=/home/artimonke/DynamixelSDK/install/dynamixel_sdk_custom_interfaces:/home/artimonke/DynamixelSDK/install/dynamixel_sdk:/opt/ros/humble LD_LIBRARY_PATH=/home/artimonke/DynamixelSDK/install/dynamixel_sdk_custom_interfaces/lib:/home/artimonke/DynamixelSDK/install/dynamixel_sdk/lib:${LD_LIBRARY_PATH} PYTHONPATH=/home/artimonke/DynamixelSDK/install/dynamixel_sdk_custom_interfaces/local/lib/python3.10/dist-packages:${PYTHONPATH} /usr/bin/cmake /home/artimonke/DynamixelSDK/dynamixel_sdk_examples -DCMAKE_INSTALL_PREFIX=/home/artimonke/DynamixelSDK/install/dynamixel_sdk_examples
[1.261s] Invoking command in '/home/artimonke/DynamixelSDK/build/dynamixel_sdk_examples': AMENT_PREFIX_PATH=/home/artimonke/DynamixelSDK/install/dynamixel_sdk_custom_interfaces:/home/artimonke/DynamixelSDK/install/dynamixel_sdk:${AMENT_PREFIX_PATH} CMAKE_PREFIX_PATH=/home/artimonke/DynamixelSDK/install/dynamixel_sdk_custom_interfaces:/home/artimonke/DynamixelSDK/install/dynamixel_sdk:/opt/ros/humble LD_LIBRARY_PATH=/home/artimonke/DynamixelSDK/install/dynamixel_sdk_custom_interfaces/lib:/home/artimonke/DynamixelSDK/install/dynamixel_sdk/lib:${LD_LIBRARY_PATH} PYTHONPATH=/home/artimonke/DynamixelSDK/install/dynamixel_sdk_custom_interfaces/local/lib/python3.10/dist-packages:${PYTHONPATH} /usr/bin/cmake --build /home/artimonke/DynamixelSDK/build/dynamixel_sdk_examples -- -j8 -l8
[1.278s] [ 50%] [32mBuilding CXX object CMakeFiles/read_write_node.dir/src/read_write_node.cpp.o[0m
[8.148s] [100%] [32m[1mLinking CXX executable read_write_node[0m
[8.465s] [100%] Built target read_write_node
[8.468s] Invoked command in '/home/artimonke/DynamixelSDK/build/dynamixel_sdk_examples' returned '0': AMENT_PREFIX_PATH=/home/artimonke/DynamixelSDK/install/dynamixel_sdk_custom_interfaces:/home/artimonke/DynamixelSDK/install/dynamixel_sdk:${AMENT_PREFIX_PATH} CMAKE_PREFIX_PATH=/home/artimonke/DynamixelSDK/install/dynamixel_sdk_custom_interfaces:/home/artimonke/DynamixelSDK/install/dynamixel_sdk:/opt/ros/humble LD_LIBRARY_PATH=/home/artimonke/DynamixelSDK/install/dynamixel_sdk_custom_interfaces/lib:/home/artimonke/DynamixelSDK/install/dynamixel_sdk/lib:${LD_LIBRARY_PATH} PYTHONPATH=/home/artimonke/DynamixelSDK/install/dynamixel_sdk_custom_interfaces/local/lib/python3.10/dist-packages:${PYTHONPATH} /usr/bin/cmake --build /home/artimonke/DynamixelSDK/build/dynamixel_sdk_examples -- -j8 -l8
[8.480s] Invoking command in '/home/artimonke/DynamixelSDK/build/dynamixel_sdk_examples': AMENT_PREFIX_PATH=/home/artimonke/DynamixelSDK/install/dynamixel_sdk_custom_interfaces:/home/artimonke/DynamixelSDK/install/dynamixel_sdk:${AMENT_PREFIX_PATH} CMAKE_PREFIX_PATH=/home/artimonke/DynamixelSDK/install/dynamixel_sdk_custom_interfaces:/home/artimonke/DynamixelSDK/install/dynamixel_sdk:/opt/ros/humble LD_LIBRARY_PATH=/home/artimonke/DynamixelSDK/install/dynamixel_sdk_custom_interfaces/lib:/home/artimonke/DynamixelSDK/install/dynamixel_sdk/lib:${LD_LIBRARY_PATH} PYTHONPATH=/home/artimonke/DynamixelSDK/install/dynamixel_sdk_custom_interfaces/local/lib/python3.10/dist-packages:${PYTHONPATH} /usr/bin/cmake --install /home/artimonke/DynamixelSDK/build/dynamixel_sdk_examples
[8.482s] -- Install configuration: ""
[8.482s] -- Installing: /home/artimonke/DynamixelSDK/install/dynamixel_sdk_examples/lib/dynamixel_sdk_examples/read_write_node
[8.485s] -- Set runtime path of "/home/artimonke/DynamixelSDK/install/dynamixel_sdk_examples/lib/dynamixel_sdk_examples/read_write_node" to ""
[8.485s] -- Installing: /home/artimonke/DynamixelSDK/install/dynamixel_sdk_examples/share/ament_index/resource_index/package_run_dependencies/dynamixel_sdk_examples
[8.485s] -- Installing: /home/artimonke/DynamixelSDK/install/dynamixel_sdk_examples/share/ament_index/resource_index/parent_prefix_path/dynamixel_sdk_examples
[8.485s] -- Installing: /home/artimonke/DynamixelSDK/install/dynamixel_sdk_examples/share/dynamixel_sdk_examples/environment/ament_prefix_path.sh
[8.485s] -- Installing: /home/artimonke/DynamixelSDK/install/dynamixel_sdk_examples/share/dynamixel_sdk_examples/environment/ament_prefix_path.dsv
[8.485s] -- Installing: /home/artimonke/DynamixelSDK/install/dynamixel_sdk_examples/share/dynamixel_sdk_examples/environment/path.sh
[8.485s] -- Installing: /home/artimonke/DynamixelSDK/install/dynamixel_sdk_examples/share/dynamixel_sdk_examples/environment/path.dsv
[8.486s] -- Installing: /home/artimonke/DynamixelSDK/install/dynamixel_sdk_examples/share/dynamixel_sdk_examples/local_setup.bash
[8.486s] -- Installing: /home/artimonke/DynamixelSDK/install/dynamixel_sdk_examples/share/dynamixel_sdk_examples/local_setup.sh
[8.486s] -- Installing: /home/artimonke/DynamixelSDK/install/dynamixel_sdk_examples/share/dynamixel_sdk_examples/local_setup.zsh
[8.486s] -- Installing: /home/artimonke/DynamixelSDK/install/dynamixel_sdk_examples/share/dynamixel_sdk_examples/local_setup.dsv
[8.486s] -- Installing: /home/artimonke/DynamixelSDK/install/dynamixel_sdk_examples/share/dynamixel_sdk_examples/package.dsv
[8.486s] -- Installing: /home/artimonke/DynamixelSDK/install/dynamixel_sdk_examples/share/ament_index/resource_index/packages/dynamixel_sdk_examples
[8.486s] -- Installing: /home/artimonke/DynamixelSDK/install/dynamixel_sdk_examples/share/dynamixel_sdk_examples/cmake/dynamixel_sdk_examplesConfig.cmake
[8.486s] -- Installing: /home/artimonke/DynamixelSDK/install/dynamixel_sdk_examples/share/dynamixel_sdk_examples/cmake/dynamixel_sdk_examplesConfig-version.cmake
[8.486s] -- Installing: /home/artimonke/DynamixelSDK/install/dynamixel_sdk_examples/share/dynamixel_sdk_examples/package.xml
[8.492s] Invoked command in '/home/artimonke/DynamixelSDK/build/dynamixel_sdk_examples' returned '0': AMENT_PREFIX_PATH=/home/artimonke/DynamixelSDK/install/dynamixel_sdk_custom_interfaces:/home/artimonke/DynamixelSDK/install/dynamixel_sdk:${AMENT_PREFIX_PATH} CMAKE_PREFIX_PATH=/home/artimonke/DynamixelSDK/install/dynamixel_sdk_custom_interfaces:/home/artimonke/DynamixelSDK/install/dynamixel_sdk:/opt/ros/humble LD_LIBRARY_PATH=/home/artimonke/DynamixelSDK/install/dynamixel_sdk_custom_interfaces/lib:/home/artimonke/DynamixelSDK/install/dynamixel_sdk/lib:${LD_LIBRARY_PATH} PYTHONPATH=/home/artimonke/DynamixelSDK/install/dynamixel_sdk_custom_interfaces/local/lib/python3.10/dist-packages:${PYTHONPATH} /usr/bin/cmake --install /home/artimonke/DynamixelSDK/build/dynamixel_sdk_examples
